# JRE version: OpenJDK Runtime Environment (8.0_292-b10) (build 1.8.0_292-b10)
# Java VM: OpenJDK 64-Bit Server VM (25.292-b10 mixed mode linux-amd64 compressed oops)
Heap:
 PSYoungGen      total 226816K, used 80074K [0x0000000719980000, 0x000000072ee80000, 0x00000007c0000000)
  eden space 205824K, 33% used [0x0000000719980000,0x000000071dcac098,0x0000000726280000)
  from space 20992K, 53% used [0x0000000726280000,0x0000000726d868a8,0x0000000727700000)
  to   space 15872K, 0% used [0x000000072df00000,0x000000072df00000,0x000000072ee80000)
 ParOldGen       total 255488K, used 10219K [0x00000005ccc00000, 0x00000005dc580000, 0x0000000719980000)
  object space 255488K, 4% used [0x00000005ccc00000,0x00000005cd5faf68,0x00000005dc580000)
 Metaspace       used 46123K, capacity 53020K, committed 53336K, reserved 1095680K
  class space    used 6849K, capacity 7659K, committed 7768K, reserved 1048576K
GC Heap History (10 events):
Event: 1.111 GC heap before
{Heap before GC invocations=3 (full 1):
 PSYoungGen      total 149504K, used 5770K [0x0000000719980000, 0x000000072bd80000, 0x00000007c0000000)
  eden space 128512K, 0% used [0x0000000719980000,0x0000000719980000,0x0000000721700000)
  from space 20992K, 27% used [0x0000000722b80000,0x0000000723122878,0x0000000724000000)
  to   space 20992K, 0% used [0x0000000721700000,0x0000000721700000,0x0000000722b80000)
 ParOldGen       total 341504K, used 24K [0x00000005ccc00000, 0x00000005e1980000, 0x0000000719980000)
  object space 341504K, 0% used [0x00000005ccc00000,0x00000005ccc06000,0x00000005e1980000)
 Metaspace       used 20132K, capacity 21120K, committed 21248K, reserved 1067008K
  class space    used 2820K, capacity 2962K, committed 3072K, reserved 1048576K
Event: 1.126 GC heap after
Heap after GC invocations=3 (full 1):
 PSYoungGen      total 149504K, used 0K [0x0000000719980000, 0x000000072bd80000, 0x00000007c0000000)
  eden space 128512K, 0% used [0x0000000719980000,0x0000000719980000,0x0000000721700000)
  from space 20992K, 0% used [0x0000000722b80000,0x0000000722b80000,0x0000000724000000)
  to   space 20992K, 0% used [0x0000000721700000,0x0000000721700000,0x0000000722b80000)
 ParOldGen       total 178688K, used 5556K [0x00000005ccc00000, 0x00000005d7a80000, 0x0000000719980000)
  object space 178688K, 3% used [0x00000005ccc00000,0x00000005cd16d0c8,0x00000005d7a80000)
 Metaspace       used 20132K, capacity 21120K, committed 21248K, reserved 1067008K
  class space    used 2820K, capacity 2962K, committed 3072K, reserved 1048576K
}
Event: 1.584 GC heap before
{Heap before GC invocations=4 (full 1):
 PSYoungGen      total 149504K, used 128512K [0x0000000719980000, 0x000000072bd80000, 0x00000007c0000000)
  eden space 128512K, 100% used [0x0000000719980000,0x0000000721700000,0x0000000721700000)
  from space 20992K, 0% used [0x0000000722b80000,0x0000000722b80000,0x0000000724000000)
  to   space 20992K, 0% used [0x0000000721700000,0x0000000721700000,0x0000000722b80000)
 ParOldGen       total 178688K, used 5556K [0x00000005ccc00000, 0x00000005d7a80000, 0x0000000719980000)
  object space 178688K, 3% used [0x00000005ccc00000,0x00000005cd16d0c8,0x00000005d7a80000)
 Metaspace       used 32108K, capacity 34010K, committed 34304K, reserved 1079296K
  class space    used 4527K, capacity 4748K, committed 4864K, reserved 1048576K
Event: 1.588 GC heap after
Heap after GC invocations=4 (full 1):
 PSYoungGen      total 149504K, used 11252K [0x0000000719980000, 0x0000000728b80000, 0x00000007c0000000)
  eden space 128512K, 0% used [0x0000000719980000,0x0000000719980000,0x0000000721700000)
  from space 20992K, 53% used [0x0000000721700000,0x00000007221fd230,0x0000000722b80000)
  to   space 20992K, 0% used [0x0000000727700000,0x0000000727700000,0x0000000728b80000)
 ParOldGen       total 178688K, used 5564K [0x00000005ccc00000, 0x00000005d7a80000, 0x0000000719980000)
  object space 178688K, 3% used [0x00000005ccc00000,0x00000005cd16f0c8,0x00000005d7a80000)
 Metaspace       used 32108K, capacity 34010K, committed 34304K, reserved 1079296K
  class space    used 4527K, capacity 4748K, committed 4864K, reserved 1048576K
}
Event: 1.626 GC heap before
{Heap before GC invocations=5 (full 1):
 PSYoungGen      total 149504K, used 29977K [0x0000000719980000, 0x0000000728b80000, 0x00000007c0000000)
  eden space 128512K, 14% used [0x0000000719980000,0x000000071abc9360,0x0000000721700000)
  from space 20992K, 53% used [0x0000000721700000,0x00000007221fd230,0x0000000722b80000)
  to   space 20992K, 0% used [0x0000000727700000,0x0000000727700000,0x0000000728b80000)
 ParOldGen       total 178688K, used 5564K [0x00000005ccc00000, 0x00000005d7a80000, 0x0000000719980000)
  object space 178688K, 3% used [0x00000005ccc00000,0x00000005cd16f0c8,0x00000005d7a80000)
 Metaspace       used 33416K, capacity 35328K, committed 35416K, reserved 1079296K
  class space    used 4653K, capacity 4893K, committed 4952K, reserved 1048576K
Event: 1.629 GC heap after
Heap after GC invocations=5 (full 1):
 PSYoungGen      total 226816K, used 5942K [0x0000000719980000, 0x0000000729a80000, 0x00000007c0000000)
  eden space 205824K, 0% used [0x0000000719980000,0x0000000719980000,0x0000000726280000)
  from space 20992K, 28% used [0x0000000727700000,0x0000000727ccdb08,0x0000000728b80000)
  to   space 20992K, 0% used [0x0000000726280000,0x0000000726280000,0x0000000727700000)
 ParOldGen       total 178688K, used 5572K [0x00000005ccc00000, 0x00000005d7a80000, 0x0000000719980000)
  object space 178688K, 3% used [0x00000005ccc00000,0x00000005cd1710c8,0x00000005d7a80000)
 Metaspace       used 33416K, capacity 35328K, committed 35416K, reserved 1079296K
  class space    used 4653K, capacity 4893K, committed 4952K, reserved 1048576K
}
Event: 1.629 GC heap before
{Heap before GC invocations=6 (full 2):
 PSYoungGen      total 226816K, used 5942K [0x0000000719980000, 0x0000000729a80000, 0x00000007c0000000)
  eden space 205824K, 0% used [0x0000000719980000,0x0000000719980000,0x0000000726280000)
  from space 20992K, 28% used [0x0000000727700000,0x0000000727ccdb08,0x0000000728b80000)
  to   space 20992K, 0% used [0x0000000726280000,0x0000000726280000,0x0000000727700000)
 ParOldGen       total 178688K, used 5572K [0x00000005ccc00000, 0x00000005d7a80000, 0x0000000719980000)
  object space 178688K, 3% used [0x00000005ccc00000,0x00000005cd1710c8,0x00000005d7a80000)
 Metaspace       used 33416K, capacity 35328K, committed 35416K, reserved 1079296K
  class space    used 4653K, capacity 4893K, committed 4952K, reserved 1048576K
Event: 1.646 GC heap after
Heap after GC invocations=6 (full 2):
 PSYoungGen      total 226816K, used 0K [0x0000000719980000, 0x0000000729a80000, 0x00000007c0000000)
  eden space 205824K, 0% used [0x0000000719980000,0x0000000719980000,0x0000000726280000)
  from space 20992K, 0% used [0x0000000727700000,0x0000000727700000,0x0000000728b80000)
  to   space 20992K, 0% used [0x0000000726280000,0x0000000726280000,0x0000000727700000)
 ParOldGen       total 255488K, used 10211K [0x00000005ccc00000, 0x00000005dc580000, 0x0000000719980000)
  object space 255488K, 3% used [0x00000005ccc00000,0x00000005cd5f8f68,0x00000005dc580000)
 Metaspace       used 33416K, capacity 35328K, committed 35416K, reserved 1079296K
  class space    used 4653K, capacity 4893K, committed 4952K, reserved 1048576K
}
Event: 2.251 GC heap before
{Heap before GC invocations=7 (full 2):
 PSYoungGen      total 226816K, used 205824K [0x0000000719980000, 0x0000000729a80000, 0x00000007c0000000)
  eden space 205824K, 100% used [0x0000000719980000,0x0000000726280000,0x0000000726280000)
  from space 20992K, 0% used [0x0000000727700000,0x0000000727700000,0x0000000728b80000)
  to   space 20992K, 0% used [0x0000000726280000,0x0000000726280000,0x0000000727700000)
 ParOldGen       total 255488K, used 10211K [0x00000005ccc00000, 0x00000005dc580000, 0x0000000719980000)
  object space 255488K, 3% used [0x00000005ccc00000,0x00000005cd5f8f68,0x00000005dc580000)
 Metaspace       used 44895K, capacity 50210K, committed 50520K, reserved 1093632K
  class space    used 6582K, capacity 7194K, committed 7256K, reserved 1048576K
Event: 2.258 GC heap after
Heap after GC invocations=7 (full 2):
 PSYoungGen      total 226816K, used 11290K [0x0000000719980000, 0x000000072ee80000, 0x00000007c0000000)
  eden space 205824K, 0% used [0x0000000719980000,0x0000000719980000,0x0000000726280000)
  from space 20992K, 53% used [0x0000000726280000,0x0000000726d868a8,0x0000000727700000)
  to   space 15872K, 0% used [0x000000072df00000,0x000000072df00000,0x000000072ee80000)
 ParOldGen       total 255488K, used 10219K [0x00000005ccc00000, 0x00000005dc580000, 0x0000000719980000)
  object space 255488K, 4% used [0x00000005ccc00000,0x00000005cd5faf68,0x00000005dc580000)
 Metaspace       used 44895K, capacity 50210K, committed 50520K, reserved 1093632K
  class space    used 6582K, capacity 7194K, committed 7256K, reserved 1048576K
}

