# JRE version: OpenJDK Runtime Environment (8.0_292-b10) (build 1.8.0_292-b10)
# Java VM: OpenJDK 64-Bit Server VM (25.292-b10 mixed mode linux-amd64 compressed oops)
Heap:
 PSYoungGen      total 217600K, used 22351K [0x0000000719980000, 0x000000072dd80000, 0x00000007c0000000)
  eden space 196608K, 5% used [0x0000000719980000,0x000000071a34dec0,0x0000000725980000)
  from space 20992K, 58% used [0x0000000725980000,0x0000000726585df8,0x0000000726e00000)
  to   space 15872K, 0% used [0x000000072ce00000,0x000000072ce00000,0x000000072dd80000)
 ParOldGen       total 276992K, used 10153K [0x00000005ccc00000, 0x00000005dda80000, 0x0000000719980000)
  object space 276992K, 3% used [0x00000005ccc00000,0x00000005cd5ea758,0x00000005dda80000)
 Metaspace       used 44925K, capacity 50186K, committed 50520K, reserved 1093632K
  class space    used 6570K, capacity 7154K, committed 7256K, reserved 1048576K
GC Heap History (10 events):
Event: 1.057 GC heap before
{Heap before GC invocations=3 (full 1):
 PSYoungGen      total 149504K, used 5800K [0x0000000719980000, 0x000000072bd80000, 0x00000007c0000000)
  eden space 128512K, 0% used [0x0000000719980000,0x0000000719980000,0x0000000721700000)
  from space 20992K, 27% used [0x0000000722b80000,0x000000072312a3d8,0x0000000724000000)
  to   space 20992K, 0% used [0x0000000721700000,0x0000000721700000,0x0000000722b80000)
 ParOldGen       total 341504K, used 32K [0x00000005ccc00000, 0x00000005e1980000, 0x0000000719980000)
  object space 341504K, 0% used [0x00000005ccc00000,0x00000005ccc08000,0x00000005e1980000)
 Metaspace       used 20125K, capacity 21116K, committed 21248K, reserved 1067008K
  class space    used 2823K, capacity 2962K, committed 3072K, reserved 1048576K
Event: 1.073 GC heap after
Heap after GC invocations=3 (full 1):
 PSYoungGen      total 149504K, used 0K [0x0000000719980000, 0x000000072bd80000, 0x00000007c0000000)
  eden space 128512K, 0% used [0x0000000719980000,0x0000000719980000,0x0000000721700000)
  from space 20992K, 0% used [0x0000000722b80000,0x0000000722b80000,0x0000000724000000)
  to   space 20992K, 0% used [0x0000000721700000,0x0000000721700000,0x0000000722b80000)
 ParOldGen       total 187904K, used 5532K [0x00000005ccc00000, 0x00000005d8380000, 0x0000000719980000)
  object space 187904K, 2% used [0x00000005ccc00000,0x00000005cd1670f0,0x00000005d8380000)
 Metaspace       used 20125K, capacity 21116K, committed 21248K, reserved 1067008K
  class space    used 2823K, capacity 2962K, committed 3072K, reserved 1048576K
}
Event: 1.529 GC heap before
{Heap before GC invocations=4 (full 1):
 PSYoungGen      total 149504K, used 128512K [0x0000000719980000, 0x000000072bd80000, 0x00000007c0000000)
  eden space 128512K, 100% used [0x0000000719980000,0x0000000721700000,0x0000000721700000)
  from space 20992K, 0% used [0x0000000722b80000,0x0000000722b80000,0x0000000724000000)
  to   space 20992K, 0% used [0x0000000721700000,0x0000000721700000,0x0000000722b80000)
 ParOldGen       total 187904K, used 5532K [0x00000005ccc00000, 0x00000005d8380000, 0x0000000719980000)
  object space 187904K, 2% used [0x00000005ccc00000,0x00000005cd1670f0,0x00000005d8380000)
 Metaspace       used 31650K, capacity 33366K, committed 33664K, reserved 1079296K
  class space    used 4448K, capacity 4680K, committed 4736K, reserved 1048576K
Event: 1.533 GC heap after
Heap after GC invocations=4 (full 1):
 PSYoungGen      total 149504K, used 10310K [0x0000000719980000, 0x0000000728280000, 0x00000007c0000000)
  eden space 128512K, 0% used [0x0000000719980000,0x0000000719980000,0x0000000721700000)
  from space 20992K, 49% used [0x0000000721700000,0x00000007221118d0,0x0000000722b80000)
  to   space 20992K, 0% used [0x0000000726e00000,0x0000000726e00000,0x0000000728280000)
 ParOldGen       total 187904K, used 5540K [0x00000005ccc00000, 0x00000005d8380000, 0x0000000719980000)
  object space 187904K, 2% used [0x00000005ccc00000,0x00000005cd1690f0,0x00000005d8380000)
 Metaspace       used 31650K, capacity 33366K, committed 33664K, reserved 1079296K
  class space    used 4448K, capacity 4680K, committed 4736K, reserved 1048576K
}
Event: 1.594 GC heap before
{Heap before GC invocations=5 (full 1):
 PSYoungGen      total 149504K, used 34910K [0x0000000719980000, 0x0000000728280000, 0x00000007c0000000)
  eden space 128512K, 19% used [0x0000000719980000,0x000000071b1862b8,0x0000000721700000)
  from space 20992K, 49% used [0x0000000721700000,0x00000007221118d0,0x0000000722b80000)
  to   space 20992K, 0% used [0x0000000726e00000,0x0000000726e00000,0x0000000728280000)
 ParOldGen       total 187904K, used 5540K [0x00000005ccc00000, 0x00000005d8380000, 0x0000000719980000)
  object space 187904K, 2% used [0x00000005ccc00000,0x00000005cd1690f0,0x00000005d8380000)
 Metaspace       used 33402K, capacity 35312K, committed 35416K, reserved 1079296K
  class space    used 4644K, capacity 4893K, committed 4952K, reserved 1048576K
Event: 1.597 GC heap after
Heap after GC invocations=5 (full 1):
 PSYoungGen      total 217600K, used 5905K [0x0000000719980000, 0x0000000728f00000, 0x00000007c0000000)
  eden space 196608K, 0% used [0x0000000719980000,0x0000000719980000,0x0000000725980000)
  from space 20992K, 28% used [0x0000000726e00000,0x00000007273c45b8,0x0000000728280000)
  to   space 20992K, 0% used [0x0000000725980000,0x0000000725980000,0x0000000726e00000)
 ParOldGen       total 187904K, used 5548K [0x00000005ccc00000, 0x00000005d8380000, 0x0000000719980000)
  object space 187904K, 2% used [0x00000005ccc00000,0x00000005cd16b0f0,0x00000005d8380000)
 Metaspace       used 33402K, capacity 35312K, committed 35416K, reserved 1079296K
  class space    used 4644K, capacity 4893K, committed 4952K, reserved 1048576K
}
Event: 1.598 GC heap before
{Heap before GC invocations=6 (full 2):
 PSYoungGen      total 217600K, used 5905K [0x0000000719980000, 0x0000000728f00000, 0x00000007c0000000)
  eden space 196608K, 0% used [0x0000000719980000,0x0000000719980000,0x0000000725980000)
  from space 20992K, 28% used [0x0000000726e00000,0x00000007273c45b8,0x0000000728280000)
  to   space 20992K, 0% used [0x0000000725980000,0x0000000725980000,0x0000000726e00000)
 ParOldGen       total 187904K, used 5548K [0x00000005ccc00000, 0x00000005d8380000, 0x0000000719980000)
  object space 187904K, 2% used [0x00000005ccc00000,0x00000005cd16b0f0,0x00000005d8380000)
 Metaspace       used 33402K, capacity 35312K, committed 35416K, reserved 1079296K
  class space    used 4644K, capacity 4893K, committed 4952K, reserved 1048576K
Event: 1.612 GC heap after
Heap after GC invocations=6 (full 2):
 PSYoungGen      total 217600K, used 0K [0x0000000719980000, 0x0000000728f00000, 0x00000007c0000000)
  eden space 196608K, 0% used [0x0000000719980000,0x0000000719980000,0x0000000725980000)
  from space 20992K, 0% used [0x0000000726e00000,0x0000000726e00000,0x0000000728280000)
  to   space 20992K, 0% used [0x0000000725980000,0x0000000725980000,0x0000000726e00000)
 ParOldGen       total 276992K, used 10145K [0x00000005ccc00000, 0x00000005dda80000, 0x0000000719980000)
  object space 276992K, 3% used [0x00000005ccc00000,0x00000005cd5e8758,0x00000005dda80000)
 Metaspace       used 33402K, capacity 35312K, committed 35416K, reserved 1079296K
  class space    used 4644K, capacity 4893K, committed 4952K, reserved 1048576K
}
Event: 2.190 GC heap before
{Heap before GC invocations=7 (full 2):
 PSYoungGen      total 217600K, used 196608K [0x0000000719980000, 0x0000000728f00000, 0x00000007c0000000)
  eden space 196608K, 100% used [0x0000000719980000,0x0000000725980000,0x0000000725980000)
  from space 20992K, 0% used [0x0000000726e00000,0x0000000726e00000,0x0000000728280000)
  to   space 20992K, 0% used [0x0000000725980000,0x0000000725980000,0x0000000726e00000)
 ParOldGen       total 276992K, used 10145K [0x00000005ccc00000, 0x00000005dda80000, 0x0000000719980000)
  object space 276992K, 3% used [0x00000005ccc00000,0x00000005cd5e8758,0x00000005dda80000)
 Metaspace       used 44807K, capacity 49910K, committed 50136K, reserved 1091584K
  class space    used 6542K, capacity 7105K, committed 7128K, reserved 1048576K
Event: 2.202 GC heap after
Heap after GC invocations=7 (full 2):
 PSYoungGen      total 217600K, used 12311K [0x0000000719980000, 0x000000072dd80000, 0x00000007c0000000)
  eden space 196608K, 0% used [0x0000000719980000,0x0000000719980000,0x0000000725980000)
  from space 20992K, 58% used [0x0000000725980000,0x0000000726585df8,0x0000000726e00000)
  to   space 15872K, 0% used [0x000000072ce00000,0x000000072ce00000,0x000000072dd80000)
 ParOldGen       total 276992K, used 10153K [0x00000005ccc00000, 0x00000005dda80000, 0x0000000719980000)
  object space 276992K, 3% used [0x00000005ccc00000,0x00000005cd5ea758,0x00000005dda80000)
 Metaspace       used 44807K, capacity 49910K, committed 50136K, reserved 1091584K
  class space    used 6542K, capacity 7105K, committed 7128K, reserved 1048576K
}

