# JRE version: OpenJDK Runtime Environment (8.0_292-b10) (build 1.8.0_292-b10)
# Java VM: OpenJDK 64-Bit Server VM (25.292-b10 mixed mode linux-amd64 compressed oops)
Heap:
 PSYoungGen      total 216064K, used 113034K [0x0000000719980000, 0x000000072cd00000, 0x00000007c0000000)
  eden space 195072K, 51% used [0x0000000719980000,0x000000071fc08400,0x0000000725800000)
  from space 20992K, 57% used [0x0000000725800000,0x00000007263da5b8,0x0000000726c80000)
  to   space 15360K, 0% used [0x000000072be00000,0x000000072be00000,0x000000072cd00000)
 ParOldGen       total 298496K, used 12522K [0x00000005ccc00000, 0x00000005def80000, 0x0000000719980000)
  object space 298496K, 4% used [0x00000005ccc00000,0x00000005cd83aaa8,0x00000005def80000)
 Metaspace       used 47491K, capacity 54545K, committed 54744K, reserved 1095680K
  class space    used 7044K, capacity 7900K, committed 7936K, reserved 1048576K
GC Heap History (10 events):
Event: 1.113 GC heap before
{Heap before GC invocations=3 (full 1):
 PSYoungGen      total 149504K, used 6166K [0x0000000719980000, 0x000000072bd80000, 0x00000007c0000000)
  eden space 128512K, 0% used [0x0000000719980000,0x0000000719980000,0x0000000721700000)
  from space 20992K, 29% used [0x0000000722b80000,0x0000000723185808,0x0000000724000000)
  to   space 20992K, 0% used [0x0000000721700000,0x0000000721700000,0x0000000722b80000)
 ParOldGen       total 341504K, used 24K [0x00000005ccc00000, 0x00000005e1980000, 0x0000000719980000)
  object space 341504K, 0% used [0x00000005ccc00000,0x00000005ccc06000,0x00000005e1980000)
 Metaspace       used 20131K, capacity 21114K, committed 21248K, reserved 1067008K
  class space    used 2827K, capacity 2969K, committed 3072K, reserved 1048576K
Event: 1.127 GC heap after
Heap after GC invocations=3 (full 1):
 PSYoungGen      total 149504K, used 0K [0x0000000719980000, 0x000000072bd80000, 0x00000007c0000000)
  eden space 128512K, 0% used [0x0000000719980000,0x0000000719980000,0x0000000721700000)
  from space 20992K, 0% used [0x0000000722b80000,0x0000000722b80000,0x0000000724000000)
  to   space 20992K, 0% used [0x0000000721700000,0x0000000721700000,0x0000000722b80000)
 ParOldGen       total 190976K, used 5899K [0x00000005ccc00000, 0x00000005d8680000, 0x0000000719980000)
  object space 190976K, 3% used [0x00000005ccc00000,0x00000005cd1c2ff0,0x00000005d8680000)
 Metaspace       used 20131K, capacity 21114K, committed 21248K, reserved 1067008K
  class space    used 2827K, capacity 2969K, committed 3072K, reserved 1048576K
}
Event: 1.592 GC heap before
{Heap before GC invocations=4 (full 1):
 PSYoungGen      total 149504K, used 128512K [0x0000000719980000, 0x000000072bd80000, 0x00000007c0000000)
  eden space 128512K, 100% used [0x0000000719980000,0x0000000721700000,0x0000000721700000)
  from space 20992K, 0% used [0x0000000722b80000,0x0000000722b80000,0x0000000724000000)
  to   space 20992K, 0% used [0x0000000721700000,0x0000000721700000,0x0000000722b80000)
 ParOldGen       total 190976K, used 5899K [0x00000005ccc00000, 0x00000005d8680000, 0x0000000719980000)
  object space 190976K, 3% used [0x00000005ccc00000,0x00000005cd1c2ff0,0x00000005d8680000)
 Metaspace       used 31600K, capacity 33388K, committed 33664K, reserved 1079296K
  class space    used 4451K, capacity 4689K, committed 4736K, reserved 1048576K
Event: 1.596 GC heap after
Heap after GC invocations=4 (full 1):
 PSYoungGen      total 149504K, used 11382K [0x0000000719980000, 0x0000000728100000, 0x00000007c0000000)
  eden space 128512K, 0% used [0x0000000719980000,0x0000000719980000,0x0000000721700000)
  from space 20992K, 54% used [0x0000000721700000,0x000000072221db40,0x0000000722b80000)
  to   space 20992K, 0% used [0x0000000726c80000,0x0000000726c80000,0x0000000728100000)
 ParOldGen       total 190976K, used 5907K [0x00000005ccc00000, 0x00000005d8680000, 0x0000000719980000)
  object space 190976K, 3% used [0x00000005ccc00000,0x00000005cd1c4ff0,0x00000005d8680000)
 Metaspace       used 31600K, capacity 33388K, committed 33664K, reserved 1079296K
  class space    used 4451K, capacity 4689K, committed 4736K, reserved 1048576K
}
Event: 1.679 GC heap before
{Heap before GC invocations=5 (full 1):
 PSYoungGen      total 149504K, used 44607K [0x0000000719980000, 0x0000000728100000, 0x00000007c0000000)
  eden space 128512K, 25% used [0x0000000719980000,0x000000071b9f24a0,0x0000000721700000)
  from space 20992K, 54% used [0x0000000721700000,0x000000072221db40,0x0000000722b80000)
  to   space 20992K, 0% used [0x0000000726c80000,0x0000000726c80000,0x0000000728100000)
 ParOldGen       total 190976K, used 5907K [0x00000005ccc00000, 0x00000005d8680000, 0x0000000719980000)
  object space 190976K, 3% used [0x00000005ccc00000,0x00000005cd1c4ff0,0x00000005d8680000)
 Metaspace       used 33393K, capacity 35375K, committed 35416K, reserved 1079296K
  class space    used 4718K, capacity 4951K, committed 4992K, reserved 1048576K
Event: 1.681 GC heap after
Heap after GC invocations=5 (full 1):
 PSYoungGen      total 216064K, used 8303K [0x0000000719980000, 0x0000000728980000, 0x00000007c0000000)
  eden space 195072K, 0% used [0x0000000719980000,0x0000000719980000,0x0000000725800000)
  from space 20992K, 39% used [0x0000000726c80000,0x000000072749bfe0,0x0000000728100000)
  to   space 20992K, 0% used [0x0000000725800000,0x0000000725800000,0x0000000726c80000)
 ParOldGen       total 190976K, used 5915K [0x00000005ccc00000, 0x00000005d8680000, 0x0000000719980000)
  object space 190976K, 3% used [0x00000005ccc00000,0x00000005cd1c6ff0,0x00000005d8680000)
 Metaspace       used 33393K, capacity 35375K, committed 35416K, reserved 1079296K
  class space    used 4718K, capacity 4951K, committed 4992K, reserved 1048576K
}
Event: 1.681 GC heap before
{Heap before GC invocations=6 (full 2):
 PSYoungGen      total 216064K, used 8303K [0x0000000719980000, 0x0000000728980000, 0x00000007c0000000)
  eden space 195072K, 0% used [0x0000000719980000,0x0000000719980000,0x0000000725800000)
  from space 20992K, 39% used [0x0000000726c80000,0x000000072749bfe0,0x0000000728100000)
  to   space 20992K, 0% used [0x0000000725800000,0x0000000725800000,0x0000000726c80000)
 ParOldGen       total 190976K, used 5915K [0x00000005ccc00000, 0x00000005d8680000, 0x0000000719980000)
  object space 190976K, 3% used [0x00000005ccc00000,0x00000005cd1c6ff0,0x00000005d8680000)
 Metaspace       used 33393K, capacity 35375K, committed 35416K, reserved 1079296K
  class space    used 4718K, capacity 4951K, committed 4992K, reserved 1048576K
Event: 1.698 GC heap after
Heap after GC invocations=6 (full 2):
 PSYoungGen      total 216064K, used 0K [0x0000000719980000, 0x0000000728980000, 0x00000007c0000000)
  eden space 195072K, 0% used [0x0000000719980000,0x0000000719980000,0x0000000725800000)
  from space 20992K, 0% used [0x0000000726c80000,0x0000000726c80000,0x0000000728100000)
  to   space 20992K, 0% used [0x0000000725800000,0x0000000725800000,0x0000000726c80000)
 ParOldGen       total 298496K, used 12514K [0x00000005ccc00000, 0x00000005def80000, 0x0000000719980000)
  object space 298496K, 4% used [0x00000005ccc00000,0x00000005cd838aa8,0x00000005def80000)
 Metaspace       used 33393K, capacity 35375K, committed 35416K, reserved 1079296K
  class space    used 4718K, capacity 4951K, committed 4992K, reserved 1048576K
}
Event: 2.399 GC heap before
{Heap before GC invocations=7 (full 2):
 PSYoungGen      total 216064K, used 195072K [0x0000000719980000, 0x0000000728980000, 0x00000007c0000000)
  eden space 195072K, 100% used [0x0000000719980000,0x0000000725800000,0x0000000725800000)
  from space 20992K, 0% used [0x0000000726c80000,0x0000000726c80000,0x0000000728100000)
  to   space 20992K, 0% used [0x0000000725800000,0x0000000725800000,0x0000000726c80000)
 ParOldGen       total 298496K, used 12514K [0x00000005ccc00000, 0x00000005def80000, 0x0000000719980000)
  object space 298496K, 4% used [0x00000005ccc00000,0x00000005cd838aa8,0x00000005def80000)
 Metaspace       used 45555K, capacity 50257K, committed 50392K, reserved 1093632K
  class space    used 6646K, capacity 7167K, committed 7168K, reserved 1048576K
Event: 2.411 GC heap after
Heap after GC invocations=7 (full 2):
 PSYoungGen      total 216064K, used 12137K [0x0000000719980000, 0x000000072cd00000, 0x00000007c0000000)
  eden space 195072K, 0% used [0x0000000719980000,0x0000000719980000,0x0000000725800000)
  from space 20992K, 57% used [0x0000000725800000,0x00000007263da5b8,0x0000000726c80000)
  to   space 15360K, 0% used [0x000000072be00000,0x000000072be00000,0x000000072cd00000)
 ParOldGen       total 298496K, used 12522K [0x00000005ccc00000, 0x00000005def80000, 0x0000000719980000)
  object space 298496K, 4% used [0x00000005ccc00000,0x00000005cd83aaa8,0x00000005def80000)
 Metaspace       used 45555K, capacity 50257K, committed 50392K, reserved 1093632K
  class space    used 6646K, capacity 7167K, committed 7168K, reserved 1048576K
}

