# JRE version: OpenJDK Runtime Environment (8.0_292-b10) (build 1.8.0_292-b10)
# Java VM: OpenJDK 64-Bit Server VM (25.292-b10 mixed mode linux-amd64 compressed oops)
Heap:
 PSYoungGen      total 224256K, used 202303K [0x0000000719980000, 0x0000000729700000, 0x00000007c0000000)
  eden space 203264K, 99% used [0x0000000719980000,0x0000000725f0fdf8,0x0000000726000000)
  from space 20992K, 0% used [0x0000000727480000,0x0000000727480000,0x0000000728900000)
  to   space 20992K, 0% used [0x0000000726000000,0x0000000726000000,0x0000000727480000)
 ParOldGen       total 259072K, used 9845K [0x00000005ccc00000, 0x00000005dc900000, 0x0000000719980000)
  object space 259072K, 3% used [0x00000005ccc00000,0x00000005cd59d6e8,0x00000005dc900000)
 Metaspace       used 44921K, capacity 50186K, committed 50520K, reserved 1093632K
  class space    used 6570K, capacity 7154K, committed 7256K, reserved 1048576K
GC Heap History (10 events):
Event: 1.043 GC heap before
{Heap before GC invocations=2 (full 0):
 PSYoungGen      total 149504K, used 39679K [0x0000000719980000, 0x0000000724000000, 0x00000007c0000000)
  eden space 128512K, 20% used [0x0000000719980000,0x000000071b367310,0x0000000721700000)
  from space 20992K, 62% used [0x0000000721700000,0x00000007223d8c50,0x0000000722b80000)
  to   space 20992K, 0% used [0x0000000722b80000,0x0000000722b80000,0x0000000724000000)
 ParOldGen       total 341504K, used 16K [0x00000005ccc00000, 0x00000005e1980000, 0x0000000719980000)
  object space 341504K, 0% used [0x00000005ccc00000,0x00000005ccc04000,0x00000005e1980000)
 Metaspace       used 20148K, capacity 21120K, committed 21248K, reserved 1067008K
  class space    used 2822K, capacity 2962K, committed 3072K, reserved 1048576K
Event: 1.047 GC heap after
Heap after GC invocations=2 (full 0):
 PSYoungGen      total 149504K, used 5779K [0x0000000719980000, 0x000000072bd80000, 0x00000007c0000000)
  eden space 128512K, 0% used [0x0000000719980000,0x0000000719980000,0x0000000721700000)
  from space 20992K, 27% used [0x0000000722b80000,0x0000000723124dd0,0x0000000724000000)
  to   space 20992K, 0% used [0x0000000721700000,0x0000000721700000,0x0000000722b80000)
 ParOldGen       total 341504K, used 24K [0x00000005ccc00000, 0x00000005e1980000, 0x0000000719980000)
  object space 341504K, 0% used [0x00000005ccc00000,0x00000005ccc06000,0x00000005e1980000)
 Metaspace       used 20148K, capacity 21120K, committed 21248K, reserved 1067008K
  class space    used 2822K, capacity 2962K, committed 3072K, reserved 1048576K
}
Event: 1.047 GC heap before
{Heap before GC invocations=3 (full 1):
 PSYoungGen      total 149504K, used 5779K [0x0000000719980000, 0x000000072bd80000, 0x00000007c0000000)
  eden space 128512K, 0% used [0x0000000719980000,0x0000000719980000,0x0000000721700000)
  from space 20992K, 27% used [0x0000000722b80000,0x0000000723124dd0,0x0000000724000000)
  to   space 20992K, 0% used [0x0000000721700000,0x0000000721700000,0x0000000722b80000)
 ParOldGen       total 341504K, used 24K [0x00000005ccc00000, 0x00000005e1980000, 0x0000000719980000)
  object space 341504K, 0% used [0x00000005ccc00000,0x00000005ccc06000,0x00000005e1980000)
 Metaspace       used 20148K, capacity 21120K, committed 21248K, reserved 1067008K
  class space    used 2822K, capacity 2962K, committed 3072K, reserved 1048576K
Event: 1.060 GC heap after
Heap after GC invocations=3 (full 1):
 PSYoungGen      total 149504K, used 0K [0x0000000719980000, 0x000000072bd80000, 0x00000007c0000000)
  eden space 128512K, 0% used [0x0000000719980000,0x0000000719980000,0x0000000721700000)
  from space 20992K, 0% used [0x0000000722b80000,0x0000000722b80000,0x0000000724000000)
  to   space 20992K, 0% used [0x0000000721700000,0x0000000721700000,0x0000000722b80000)
 ParOldGen       total 180736K, used 5536K [0x00000005ccc00000, 0x00000005d7c80000, 0x0000000719980000)
  object space 180736K, 3% used [0x00000005ccc00000,0x00000005cd168050,0x00000005d7c80000)
 Metaspace       used 20148K, capacity 21120K, committed 21248K, reserved 1067008K
  class space    used 2822K, capacity 2962K, committed 3072K, reserved 1048576K
}
Event: 1.540 GC heap before
{Heap before GC invocations=4 (full 1):
 PSYoungGen      total 149504K, used 128512K [0x0000000719980000, 0x000000072bd80000, 0x00000007c0000000)
  eden space 128512K, 100% used [0x0000000719980000,0x0000000721700000,0x0000000721700000)
  from space 20992K, 0% used [0x0000000722b80000,0x0000000722b80000,0x0000000724000000)
  to   space 20992K, 0% used [0x0000000721700000,0x0000000721700000,0x0000000722b80000)
 ParOldGen       total 180736K, used 5536K [0x00000005ccc00000, 0x00000005d7c80000, 0x0000000719980000)
  object space 180736K, 3% used [0x00000005ccc00000,0x00000005cd168050,0x00000005d7c80000)
 Metaspace       used 32157K, capacity 34060K, committed 34304K, reserved 1079296K
  class space    used 4532K, capacity 4783K, committed 4864K, reserved 1048576K
Event: 1.544 GC heap after
Heap after GC invocations=4 (full 1):
 PSYoungGen      total 149504K, used 11012K [0x0000000719980000, 0x0000000728900000, 0x00000007c0000000)
  eden space 128512K, 0% used [0x0000000719980000,0x0000000719980000,0x0000000721700000)
  from space 20992K, 52% used [0x0000000721700000,0x00000007221c1050,0x0000000722b80000)
  to   space 20992K, 0% used [0x0000000727480000,0x0000000727480000,0x0000000728900000)
 ParOldGen       total 180736K, used 5544K [0x00000005ccc00000, 0x00000005d7c80000, 0x0000000719980000)
  object space 180736K, 3% used [0x00000005ccc00000,0x00000005cd16a050,0x00000005d7c80000)
 Metaspace       used 32157K, capacity 34060K, committed 34304K, reserved 1079296K
  class space    used 4532K, capacity 4783K, committed 4864K, reserved 1048576K
}
Event: 1.580 GC heap before
{Heap before GC invocations=5 (full 1):
 PSYoungGen      total 149504K, used 26557K [0x0000000719980000, 0x0000000728900000, 0x00000007c0000000)
  eden space 128512K, 12% used [0x0000000719980000,0x000000071a8ae5e0,0x0000000721700000)
  from space 20992K, 52% used [0x0000000721700000,0x00000007221c1050,0x0000000722b80000)
  to   space 20992K, 0% used [0x0000000727480000,0x0000000727480000,0x0000000728900000)
 ParOldGen       total 180736K, used 5544K [0x00000005ccc00000, 0x00000005d7c80000, 0x0000000719980000)
  object space 180736K, 3% used [0x00000005ccc00000,0x00000005cd16a050,0x00000005d7c80000)
 Metaspace       used 33421K, capacity 35328K, committed 35416K, reserved 1079296K
  class space    used 4650K, capacity 4893K, committed 4952K, reserved 1048576K
Event: 1.582 GC heap after
Heap after GC invocations=5 (full 1):
 PSYoungGen      total 224256K, used 5590K [0x0000000719980000, 0x0000000729700000, 0x00000007c0000000)
  eden space 203264K, 0% used [0x0000000719980000,0x0000000719980000,0x0000000726000000)
  from space 20992K, 26% used [0x0000000727480000,0x00000007279f5890,0x0000000728900000)
  to   space 20992K, 0% used [0x0000000726000000,0x0000000726000000,0x0000000727480000)
 ParOldGen       total 180736K, used 5552K [0x00000005ccc00000, 0x00000005d7c80000, 0x0000000719980000)
  object space 180736K, 3% used [0x00000005ccc00000,0x00000005cd16c050,0x00000005d7c80000)
 Metaspace       used 33421K, capacity 35328K, committed 35416K, reserved 1079296K
  class space    used 4650K, capacity 4893K, committed 4952K, reserved 1048576K
}
Event: 1.582 GC heap before
{Heap before GC invocations=6 (full 2):
 PSYoungGen      total 224256K, used 5590K [0x0000000719980000, 0x0000000729700000, 0x00000007c0000000)
  eden space 203264K, 0% used [0x0000000719980000,0x0000000719980000,0x0000000726000000)
  from space 20992K, 26% used [0x0000000727480000,0x00000007279f5890,0x0000000728900000)
  to   space 20992K, 0% used [0x0000000726000000,0x0000000726000000,0x0000000727480000)
 ParOldGen       total 180736K, used 5552K [0x00000005ccc00000, 0x00000005d7c80000, 0x0000000719980000)
  object space 180736K, 3% used [0x00000005ccc00000,0x00000005cd16c050,0x00000005d7c80000)
 Metaspace       used 33421K, capacity 35328K, committed 35416K, reserved 1079296K
  class space    used 4650K, capacity 4893K, committed 4952K, reserved 1048576K
Event: 1.597 GC heap after
Heap after GC invocations=6 (full 2):
 PSYoungGen      total 224256K, used 0K [0x0000000719980000, 0x0000000729700000, 0x00000007c0000000)
  eden space 203264K, 0% used [0x0000000719980000,0x0000000719980000,0x0000000726000000)
  from space 20992K, 0% used [0x0000000727480000,0x0000000727480000,0x0000000728900000)
  to   space 20992K, 0% used [0x0000000726000000,0x0000000726000000,0x0000000727480000)
 ParOldGen       total 259072K, used 9845K [0x00000005ccc00000, 0x00000005dc900000, 0x0000000719980000)
  object space 259072K, 3% used [0x00000005ccc00000,0x00000005cd59d6e8,0x00000005dc900000)
 Metaspace       used 33421K, capacity 35328K, committed 35416K, reserved 1079296K
  class space    used 4650K, capacity 4893K, committed 4952K, reserved 1048576K
}

