# JRE version: OpenJDK Runtime Environment (8.0_292-b10) (build 1.8.0_292-b10)
# Java VM: OpenJDK 64-Bit Server VM (25.292-b10 mixed mode linux-amd64 compressed oops)
Heap:
 PSYoungGen      total 207872K, used 97373K [0x0000000719980000, 0x000000072bd80000, 0x00000007c0000000)
  eden space 186880K, 46% used [0x0000000719980000,0x000000071ed8a948,0x0000000725000000)
  from space 20992K, 53% used [0x0000000725000000,0x0000000725b0cc18,0x0000000726480000)
  to   space 14848K, 0% used [0x000000072af00000,0x000000072af00000,0x000000072bd80000)
 ParOldGen       total 304640K, used 10533K [0x00000005ccc00000, 0x00000005df580000, 0x0000000719980000)
  object space 304640K, 3% used [0x00000005ccc00000,0x00000005cd6497b8,0x00000005df580000)
 Metaspace       used 46132K, capacity 53064K, committed 53336K, reserved 1095680K
  class space    used 6851K, capacity 7665K, committed 7768K, reserved 1048576K
GC Heap History (10 events):
Event: 1.064 GC heap before
{Heap before GC invocations=3 (full 1):
 PSYoungGen      total 149504K, used 5727K [0x0000000719980000, 0x000000072bd80000, 0x00000007c0000000)
  eden space 128512K, 0% used [0x0000000719980000,0x0000000719980000,0x0000000721700000)
  from space 20992K, 27% used [0x0000000722b80000,0x0000000723117ee0,0x0000000724000000)
  to   space 20992K, 0% used [0x0000000721700000,0x0000000721700000,0x0000000722b80000)
 ParOldGen       total 341504K, used 24K [0x00000005ccc00000, 0x00000005e1980000, 0x0000000719980000)
  object space 341504K, 0% used [0x00000005ccc00000,0x00000005ccc06000,0x00000005e1980000)
 Metaspace       used 20128K, capacity 21160K, committed 21248K, reserved 1067008K
  class space    used 2826K, capacity 2994K, committed 3072K, reserved 1048576K
Event: 1.086 GC heap after
Heap after GC invocations=3 (full 1):
 PSYoungGen      total 149504K, used 0K [0x0000000719980000, 0x000000072bd80000, 0x00000007c0000000)
  eden space 128512K, 0% used [0x0000000719980000,0x0000000719980000,0x0000000721700000)
  from space 20992K, 0% used [0x0000000722b80000,0x0000000722b80000,0x0000000724000000)
  to   space 20992K, 0% used [0x0000000721700000,0x0000000721700000,0x0000000722b80000)
 ParOldGen       total 197120K, used 5545K [0x00000005ccc00000, 0x00000005d8c80000, 0x0000000719980000)
  object space 197120K, 2% used [0x00000005ccc00000,0x00000005cd16a6e8,0x00000005d8c80000)
 Metaspace       used 20128K, capacity 21160K, committed 21248K, reserved 1067008K
  class space    used 2826K, capacity 2994K, committed 3072K, reserved 1048576K
}
Event: 1.526 GC heap before
{Heap before GC invocations=4 (full 1):
 PSYoungGen      total 149504K, used 128512K [0x0000000719980000, 0x000000072bd80000, 0x00000007c0000000)
  eden space 128512K, 100% used [0x0000000719980000,0x0000000721700000,0x0000000721700000)
  from space 20992K, 0% used [0x0000000722b80000,0x0000000722b80000,0x0000000724000000)
  to   space 20992K, 0% used [0x0000000721700000,0x0000000721700000,0x0000000722b80000)
 ParOldGen       total 197120K, used 5545K [0x00000005ccc00000, 0x00000005d8c80000, 0x0000000719980000)
  object space 197120K, 2% used [0x00000005ccc00000,0x00000005cd16a6e8,0x00000005d8c80000)
 Metaspace       used 31580K, capacity 33336K, committed 33408K, reserved 1077248K
  class space    used 4462K, capacity 4711K, committed 4736K, reserved 1048576K
Event: 1.529 GC heap after
Heap after GC invocations=4 (full 1):
 PSYoungGen      total 149504K, used 10432K [0x0000000719980000, 0x0000000727900000, 0x00000007c0000000)
  eden space 128512K, 0% used [0x0000000719980000,0x0000000719980000,0x0000000721700000)
  from space 20992K, 49% used [0x0000000721700000,0x00000007221303a8,0x0000000722b80000)
  to   space 20992K, 0% used [0x0000000726480000,0x0000000726480000,0x0000000727900000)
 ParOldGen       total 197120K, used 5553K [0x00000005ccc00000, 0x00000005d8c80000, 0x0000000719980000)
  object space 197120K, 2% used [0x00000005ccc00000,0x00000005cd16c6e8,0x00000005d8c80000)
 Metaspace       used 31580K, capacity 33336K, committed 33408K, reserved 1077248K
  class space    used 4462K, capacity 4711K, committed 4736K, reserved 1048576K
}
Event: 1.593 GC heap before
{Heap before GC invocations=5 (full 1):
 PSYoungGen      total 149504K, used 34779K [0x0000000719980000, 0x0000000727900000, 0x00000007c0000000)
  eden space 128512K, 18% used [0x0000000719980000,0x000000071b146ae8,0x0000000721700000)
  from space 20992K, 49% used [0x0000000721700000,0x00000007221303a8,0x0000000722b80000)
  to   space 20992K, 0% used [0x0000000726480000,0x0000000726480000,0x0000000727900000)
 ParOldGen       total 197120K, used 5553K [0x00000005ccc00000, 0x00000005d8c80000, 0x0000000719980000)
  object space 197120K, 2% used [0x00000005ccc00000,0x00000005cd16c6e8,0x00000005d8c80000)
 Metaspace       used 33408K, capacity 35320K, committed 35416K, reserved 1079296K
  class space    used 4651K, capacity 4893K, committed 4952K, reserved 1048576K
Event: 1.595 GC heap after
Heap after GC invocations=5 (full 1):
 PSYoungGen      total 207872K, used 6346K [0x0000000719980000, 0x0000000728280000, 0x00000007c0000000)
  eden space 186880K, 0% used [0x0000000719980000,0x0000000719980000,0x0000000725000000)
  from space 20992K, 30% used [0x0000000726480000,0x0000000726ab28a0,0x0000000727900000)
  to   space 20992K, 0% used [0x0000000725000000,0x0000000725000000,0x0000000726480000)
 ParOldGen       total 197120K, used 5561K [0x00000005ccc00000, 0x00000005d8c80000, 0x0000000719980000)
  object space 197120K, 2% used [0x00000005ccc00000,0x00000005cd16e6e8,0x00000005d8c80000)
 Metaspace       used 33408K, capacity 35320K, committed 35416K, reserved 1079296K
  class space    used 4651K, capacity 4893K, committed 4952K, reserved 1048576K
}
Event: 1.595 GC heap before
{Heap before GC invocations=6 (full 2):
 PSYoungGen      total 207872K, used 6346K [0x0000000719980000, 0x0000000728280000, 0x00000007c0000000)
  eden space 186880K, 0% used [0x0000000719980000,0x0000000719980000,0x0000000725000000)
  from space 20992K, 30% used [0x0000000726480000,0x0000000726ab28a0,0x0000000727900000)
  to   space 20992K, 0% used [0x0000000725000000,0x0000000725000000,0x0000000726480000)
 ParOldGen       total 197120K, used 5561K [0x00000005ccc00000, 0x00000005d8c80000, 0x0000000719980000)
  object space 197120K, 2% used [0x00000005ccc00000,0x00000005cd16e6e8,0x00000005d8c80000)
 Metaspace       used 33408K, capacity 35320K, committed 35416K, reserved 1079296K
  class space    used 4651K, capacity 4893K, committed 4952K, reserved 1048576K
Event: 1.611 GC heap after
Heap after GC invocations=6 (full 2):
 PSYoungGen      total 207872K, used 0K [0x0000000719980000, 0x0000000728280000, 0x00000007c0000000)
  eden space 186880K, 0% used [0x0000000719980000,0x0000000719980000,0x0000000725000000)
  from space 20992K, 0% used [0x0000000726480000,0x0000000726480000,0x0000000727900000)
  to   space 20992K, 0% used [0x0000000725000000,0x0000000725000000,0x0000000726480000)
 ParOldGen       total 304640K, used 10525K [0x00000005ccc00000, 0x00000005df580000, 0x0000000719980000)
  object space 304640K, 3% used [0x00000005ccc00000,0x00000005cd6477b8,0x00000005df580000)
 Metaspace       used 33408K, capacity 35320K, committed 35416K, reserved 1079296K
  class space    used 4651K, capacity 4893K, committed 4952K, reserved 1048576K
}
Event: 2.173 GC heap before
{Heap before GC invocations=7 (full 2):
 PSYoungGen      total 207872K, used 186880K [0x0000000719980000, 0x0000000728280000, 0x00000007c0000000)
  eden space 186880K, 100% used [0x0000000719980000,0x0000000725000000,0x0000000725000000)
  from space 20992K, 0% used [0x0000000726480000,0x0000000726480000,0x0000000727900000)
  to   space 20992K, 0% used [0x0000000725000000,0x0000000725000000,0x0000000726480000)
 ParOldGen       total 304640K, used 10525K [0x00000005ccc00000, 0x00000005df580000, 0x0000000719980000)
  object space 304640K, 3% used [0x00000005ccc00000,0x00000005cd6477b8,0x00000005df580000)
 Metaspace       used 44623K, capacity 49536K, committed 49624K, reserved 1091584K
  class space    used 6527K, capacity 7091K, committed 7128K, reserved 1048576K
Event: 2.181 GC heap after
Heap after GC invocations=7 (full 2):
 PSYoungGen      total 207872K, used 11315K [0x0000000719980000, 0x000000072bd80000, 0x00000007c0000000)
  eden space 186880K, 0% used [0x0000000719980000,0x0000000719980000,0x0000000725000000)
  from space 20992K, 53% used [0x0000000725000000,0x0000000725b0cc18,0x0000000726480000)
  to   space 14848K, 0% used [0x000000072af00000,0x000000072af00000,0x000000072bd80000)
 ParOldGen       total 304640K, used 10533K [0x00000005ccc00000, 0x00000005df580000, 0x0000000719980000)
  object space 304640K, 3% used [0x00000005ccc00000,0x00000005cd6497b8,0x00000005df580000)
 Metaspace       used 44623K, capacity 49536K, committed 49624K, reserved 1091584K
  class space    used 6527K, capacity 7091K, committed 7128K, reserved 1048576K
}

