# JRE version: OpenJDK Runtime Environment (8.0_292-b10) (build 1.8.0_292-b10)
# Java VM: OpenJDK 64-Bit Server VM (25.292-b10 mixed mode linux-amd64 compressed oops)
Heap:
 PSYoungGen      total 149504K, used 14796K [0x00000000eab00000, 0x00000000f5180000, 0x0000000100000000)
  eden space 128512K, 11% used [0x00000000eab00000,0x00000000eb9732e0,0x00000000f2880000)
  from space 20992K, 0% used [0x00000000f3d00000,0x00000000f3d00000,0x00000000f5180000)
  to   space 20992K, 0% used [0x00000000f2880000,0x00000000f2880000,0x00000000f3d00000)
 ParOldGen       total 389120K, used 18566K [0x00000000c0000000, 0x00000000d7c00000, 0x00000000eab00000)
  object space 389120K, 4% used [0x00000000c0000000,0x00000000c1221b38,0x00000000d7c00000)
 Metaspace       used 33721K, capacity 35686K, committed 35928K, reserved 1081344K
  class space    used 4694K, capacity 4949K, committed 4992K, reserved 1048576K
GC Heap History (8 events):
Event: 0.752 GC heap before
{Heap before GC invocations=1 (full 0):
 PSYoungGen      total 149504K, used 108020K [0x00000000eab00000, 0x00000000f5180000, 0x0000000100000000)
  eden space 128512K, 84% used [0x00000000eab00000,0x00000000f147d170,0x00000000f2880000)
  from space 20992K, 0% used [0x00000000f3d00000,0x00000000f3d00000,0x00000000f5180000)
  to   space 20992K, 0% used [0x00000000f2880000,0x00000000f2880000,0x00000000f3d00000)
 ParOldGen       total 341504K, used 0K [0x00000000c0000000, 0x00000000d4d80000, 0x00000000eab00000)
  object space 341504K, 0% used [0x00000000c0000000,0x00000000c0000000,0x00000000d4d80000)
 Metaspace       used 20227K, capacity 21084K, committed 21248K, reserved 1067008K
  class space    used 2854K, capacity 2990K, committed 3072K, reserved 1048576K
Event: 0.758 GC heap after
Heap after GC invocations=1 (full 0):
 PSYoungGen      total 149504K, used 15741K [0x00000000eab00000, 0x00000000f5180000, 0x0000000100000000)
  eden space 128512K, 0% used [0x00000000eab00000,0x00000000eab00000,0x00000000f2880000)
  from space 20992K, 74% used [0x00000000f2880000,0x00000000f37df660,0x00000000f3d00000)
  to   space 20992K, 0% used [0x00000000f3d00000,0x00000000f3d00000,0x00000000f5180000)
 ParOldGen       total 341504K, used 16K [0x00000000c0000000, 0x00000000d4d80000, 0x00000000eab00000)
  object space 341504K, 0% used [0x00000000c0000000,0x00000000c0004000,0x00000000d4d80000)
 Metaspace       used 20227K, capacity 21084K, committed 21248K, reserved 1067008K
  class space    used 2854K, capacity 2990K, committed 3072K, reserved 1048576K
}
Event: 0.758 GC heap before
{Heap before GC invocations=2 (full 1):
 PSYoungGen      total 149504K, used 15741K [0x00000000eab00000, 0x00000000f5180000, 0x0000000100000000)
  eden space 128512K, 0% used [0x00000000eab00000,0x00000000eab00000,0x00000000f2880000)
  from space 20992K, 74% used [0x00000000f2880000,0x00000000f37df660,0x00000000f3d00000)
  to   space 20992K, 0% used [0x00000000f3d00000,0x00000000f3d00000,0x00000000f5180000)
 ParOldGen       total 341504K, used 16K [0x00000000c0000000, 0x00000000d4d80000, 0x00000000eab00000)
  object space 341504K, 0% used [0x00000000c0000000,0x00000000c0004000,0x00000000d4d80000)
 Metaspace       used 20227K, capacity 21084K, committed 21248K, reserved 1067008K
  class space    used 2854K, capacity 2990K, committed 3072K, reserved 1048576K
Event: 0.772 GC heap after
Heap after GC invocations=2 (full 1):
 PSYoungGen      total 149504K, used 0K [0x00000000eab00000, 0x00000000f5180000, 0x0000000100000000)
  eden space 128512K, 0% used [0x00000000eab00000,0x00000000eab00000,0x00000000f2880000)
  from space 20992K, 0% used [0x00000000f2880000,0x00000000f2880000,0x00000000f3d00000)
  to   space 20992K, 0% used [0x00000000f3d00000,0x00000000f3d00000,0x00000000f5180000)
 ParOldGen       total 233472K, used 14977K [0x00000000c0000000, 0x00000000ce400000, 0x00000000eab00000)
  object space 233472K, 6% used [0x00000000c0000000,0x00000000c0ea07d8,0x00000000ce400000)
 Metaspace       used 20227K, capacity 21084K, committed 21248K, reserved 1067008K
  class space    used 2854K, capacity 2990K, committed 3072K, reserved 1048576K
}
Event: 183.964 GC heap before
{Heap before GC invocations=3 (full 1):
 PSYoungGen      total 149504K, used 99992K [0x00000000eab00000, 0x00000000f5180000, 0x0000000100000000)
  eden space 128512K, 77% used [0x00000000eab00000,0x00000000f0ca62c8,0x00000000f2880000)
  from space 20992K, 0% used [0x00000000f2880000,0x00000000f2880000,0x00000000f3d00000)
  to   space 20992K, 0% used [0x00000000f3d00000,0x00000000f3d00000,0x00000000f5180000)
 ParOldGen       total 233472K, used 14977K [0x00000000c0000000, 0x00000000ce400000, 0x00000000eab00000)
  object space 233472K, 6% used [0x00000000c0000000,0x00000000c0ea07d8,0x00000000ce400000)
 Metaspace       used 33428K, capacity 35332K, committed 35416K, reserved 1079296K
  class space    used 4663K, capacity 4908K, committed 4992K, reserved 1048576K
Event: 183.973 GC heap after
Heap after GC invocations=3 (full 1):
 PSYoungGen      total 149504K, used 13438K [0x00000000eab00000, 0x00000000f5180000, 0x0000000100000000)
  eden space 128512K, 0% used [0x00000000eab00000,0x00000000eab00000,0x00000000f2880000)
  from space 20992K, 64% used [0x00000000f3d00000,0x00000000f4a1f920,0x00000000f5180000)
  to   space 20992K, 0% used [0x00000000f2880000,0x00000000f2880000,0x00000000f3d00000)
 ParOldGen       total 233472K, used 14985K [0x00000000c0000000, 0x00000000ce400000, 0x00000000eab00000)
  object space 233472K, 6% used [0x00000000c0000000,0x00000000c0ea27d8,0x00000000ce400000)
 Metaspace       used 33428K, capacity 35332K, committed 35416K, reserved 1079296K
  class space    used 4663K, capacity 4908K, committed 4992K, reserved 1048576K
}
Event: 183.973 GC heap before
{Heap before GC invocations=4 (full 2):
 PSYoungGen      total 149504K, used 13438K [0x00000000eab00000, 0x00000000f5180000, 0x0000000100000000)
  eden space 128512K, 0% used [0x00000000eab00000,0x00000000eab00000,0x00000000f2880000)
  from space 20992K, 64% used [0x00000000f3d00000,0x00000000f4a1f920,0x00000000f5180000)
  to   space 20992K, 0% used [0x00000000f2880000,0x00000000f2880000,0x00000000f3d00000)
 ParOldGen       total 233472K, used 14985K [0x00000000c0000000, 0x00000000ce400000, 0x00000000eab00000)
  object space 233472K, 6% used [0x00000000c0000000,0x00000000c0ea27d8,0x00000000ce400000)
 Metaspace       used 33428K, capacity 35332K, committed 35416K, reserved 1079296K
  class space    used 4663K, capacity 4908K, committed 4992K, reserved 1048576K
Event: 183.989 GC heap after
Heap after GC invocations=4 (full 2):
 PSYoungGen      total 149504K, used 0K [0x00000000eab00000, 0x00000000f5180000, 0x0000000100000000)
  eden space 128512K, 0% used [0x00000000eab00000,0x00000000eab00000,0x00000000f2880000)
  from space 20992K, 0% used [0x00000000f3d00000,0x00000000f3d00000,0x00000000f5180000)
  to   space 20992K, 0% used [0x00000000f2880000,0x00000000f2880000,0x00000000f3d00000)
 ParOldGen       total 389120K, used 18566K [0x00000000c0000000, 0x00000000d7c00000, 0x00000000eab00000)
  object space 389120K, 4% used [0x00000000c0000000,0x00000000c1221b38,0x00000000d7c00000)
 Metaspace       used 33419K, capacity 35304K, committed 35416K, reserved 1079296K
  class space    used 4660K, capacity 4902K, committed 4992K, reserved 1048576K
}

