# JRE version: OpenJDK Runtime Environment (8.0_292-b10) (build 1.8.0_292-b10)
# Java VM: OpenJDK 64-Bit Server VM (25.292-b10 mixed mode linux-amd64 compressed oops)
Heap:
 PSYoungGen      total 218112K, used 126398K [0x0000000719980000, 0x000000072cb80000, 0x00000007c0000000)
  eden space 197120K, 58% used [0x0000000719980000,0x0000000720a23a38,0x0000000725a00000)
  from space 20992K, 52% used [0x0000000725a00000,0x00000007264cc020,0x0000000726e80000)
  to   space 13824K, 0% used [0x000000072be00000,0x000000072be00000,0x000000072cb80000)
 ParOldGen       total 294912K, used 12952K [0x00000005ccc00000, 0x00000005dec00000, 0x0000000719980000)
  object space 294912K, 4% used [0x00000005ccc00000,0x00000005cd8a6238,0x00000005dec00000)
 Metaspace       used 46839K, capacity 54092K, committed 54272K, reserved 1095680K
  class space    used 6997K, capacity 7847K, committed 7936K, reserved 1048576K
GC Heap History (10 events):
Event: 1.258 GC heap before
{Heap before GC invocations=3 (full 1):
 PSYoungGen      total 149504K, used 6864K [0x0000000719980000, 0x000000072bd80000, 0x00000007c0000000)
  eden space 128512K, 0% used [0x0000000719980000,0x0000000719980000,0x0000000721700000)
  from space 20992K, 32% used [0x0000000722b80000,0x0000000723234250,0x0000000724000000)
  to   space 20992K, 0% used [0x0000000721700000,0x0000000721700000,0x0000000722b80000)
 ParOldGen       total 341504K, used 24K [0x00000005ccc00000, 0x00000005e1980000, 0x0000000719980000)
  object space 341504K, 0% used [0x00000005ccc00000,0x00000005ccc06000,0x00000005e1980000)
 Metaspace       used 20091K, capacity 21084K, committed 21248K, reserved 1067008K
  class space    used 2800K, capacity 2964K, committed 3072K, reserved 1048576K
Event: 1.272 GC heap after
Heap after GC invocations=3 (full 1):
 PSYoungGen      total 149504K, used 0K [0x0000000719980000, 0x000000072bd80000, 0x00000007c0000000)
  eden space 128512K, 0% used [0x0000000719980000,0x0000000719980000,0x0000000721700000)
  from space 20992K, 0% used [0x0000000722b80000,0x0000000722b80000,0x0000000724000000)
  to   space 20992K, 0% used [0x0000000721700000,0x0000000721700000,0x0000000722b80000)
 ParOldGen       total 190976K, used 6600K [0x00000005ccc00000, 0x00000005d8680000, 0x0000000719980000)
  object space 190976K, 3% used [0x00000005ccc00000,0x00000005cd272310,0x00000005d8680000)
 Metaspace       used 20091K, capacity 21084K, committed 21248K, reserved 1067008K
  class space    used 2800K, capacity 2964K, committed 3072K, reserved 1048576K
}
Event: 1.753 GC heap before
{Heap before GC invocations=4 (full 1):
 PSYoungGen      total 149504K, used 128512K [0x0000000719980000, 0x000000072bd80000, 0x00000007c0000000)
  eden space 128512K, 100% used [0x0000000719980000,0x0000000721700000,0x0000000721700000)
  from space 20992K, 0% used [0x0000000722b80000,0x0000000722b80000,0x0000000724000000)
  to   space 20992K, 0% used [0x0000000721700000,0x0000000721700000,0x0000000722b80000)
 ParOldGen       total 190976K, used 6600K [0x00000005ccc00000, 0x00000005d8680000, 0x0000000719980000)
  object space 190976K, 3% used [0x00000005ccc00000,0x00000005cd272310,0x00000005d8680000)
 Metaspace       used 30145K, capacity 31864K, committed 31872K, reserved 1077248K
  class space    used 4240K, capacity 4473K, committed 4480K, reserved 1048576K
Event: 1.757 GC heap after
Heap after GC invocations=4 (full 1):
 PSYoungGen      total 149504K, used 10879K [0x0000000719980000, 0x0000000728300000, 0x00000007c0000000)
  eden space 128512K, 0% used [0x0000000719980000,0x0000000719980000,0x0000000721700000)
  from space 20992K, 51% used [0x0000000721700000,0x000000072219ff58,0x0000000722b80000)
  to   space 20992K, 0% used [0x0000000726e80000,0x0000000726e80000,0x0000000728300000)
 ParOldGen       total 190976K, used 6608K [0x00000005ccc00000, 0x00000005d8680000, 0x0000000719980000)
  object space 190976K, 3% used [0x00000005ccc00000,0x00000005cd274310,0x00000005d8680000)
 Metaspace       used 30145K, capacity 31864K, committed 31872K, reserved 1077248K
  class space    used 4240K, capacity 4473K, committed 4480K, reserved 1048576K
}
Event: 1.864 GC heap before
{Heap before GC invocations=5 (full 1):
 PSYoungGen      total 149504K, used 48806K [0x0000000719980000, 0x0000000728300000, 0x00000007c0000000)
  eden space 128512K, 29% used [0x0000000719980000,0x000000071be89b90,0x0000000721700000)
  from space 20992K, 51% used [0x0000000721700000,0x000000072219ff58,0x0000000722b80000)
  to   space 20992K, 0% used [0x0000000726e80000,0x0000000726e80000,0x0000000728300000)
 ParOldGen       total 190976K, used 6608K [0x00000005ccc00000, 0x00000005d8680000, 0x0000000719980000)
  object space 190976K, 3% used [0x00000005ccc00000,0x00000005cd274310,0x00000005d8680000)
 Metaspace       used 33460K, capacity 35352K, committed 35416K, reserved 1079296K
  class space    used 4632K, capacity 4857K, committed 4864K, reserved 1048576K
Event: 1.867 GC heap after
Heap after GC invocations=5 (full 1):
 PSYoungGen      total 218112K, used 8366K [0x0000000719980000, 0x0000000728980000, 0x00000007c0000000)
  eden space 197120K, 0% used [0x0000000719980000,0x0000000719980000,0x0000000725a00000)
  from space 20992K, 39% used [0x0000000726e80000,0x00000007276ab888,0x0000000728300000)
  to   space 20992K, 0% used [0x0000000725a00000,0x0000000725a00000,0x0000000726e80000)
 ParOldGen       total 190976K, used 6616K [0x00000005ccc00000, 0x00000005d8680000, 0x0000000719980000)
  object space 190976K, 3% used [0x00000005ccc00000,0x00000005cd276310,0x00000005d8680000)
 Metaspace       used 33460K, capacity 35352K, committed 35416K, reserved 1079296K
  class space    used 4632K, capacity 4857K, committed 4864K, reserved 1048576K
}
Event: 1.867 GC heap before
{Heap before GC invocations=6 (full 2):
 PSYoungGen      total 218112K, used 8366K [0x0000000719980000, 0x0000000728980000, 0x00000007c0000000)
  eden space 197120K, 0% used [0x0000000719980000,0x0000000719980000,0x0000000725a00000)
  from space 20992K, 39% used [0x0000000726e80000,0x00000007276ab888,0x0000000728300000)
  to   space 20992K, 0% used [0x0000000725a00000,0x0000000725a00000,0x0000000726e80000)
 ParOldGen       total 190976K, used 6616K [0x00000005ccc00000, 0x00000005d8680000, 0x0000000719980000)
  object space 190976K, 3% used [0x00000005ccc00000,0x00000005cd276310,0x00000005d8680000)
 Metaspace       used 33460K, capacity 35352K, committed 35416K, reserved 1079296K
  class space    used 4632K, capacity 4857K, committed 4864K, reserved 1048576K
Event: 1.881 GC heap after
Heap after GC invocations=6 (full 2):
 PSYoungGen      total 218112K, used 0K [0x0000000719980000, 0x0000000728980000, 0x00000007c0000000)
  eden space 197120K, 0% used [0x0000000719980000,0x0000000719980000,0x0000000725a00000)
  from space 20992K, 0% used [0x0000000726e80000,0x0000000726e80000,0x0000000728300000)
  to   space 20992K, 0% used [0x0000000725a00000,0x0000000725a00000,0x0000000726e80000)
 ParOldGen       total 294912K, used 12944K [0x00000005ccc00000, 0x00000005dec00000, 0x0000000719980000)
  object space 294912K, 4% used [0x00000005ccc00000,0x00000005cd8a4238,0x00000005dec00000)
 Metaspace       used 33460K, capacity 35352K, committed 35416K, reserved 1079296K
  class space    used 4632K, capacity 4857K, committed 4864K, reserved 1048576K
}
Event: 2.468 GC heap before
{Heap before GC invocations=7 (full 2):
 PSYoungGen      total 218112K, used 197120K [0x0000000719980000, 0x0000000728980000, 0x00000007c0000000)
  eden space 197120K, 100% used [0x0000000719980000,0x0000000725a00000,0x0000000725a00000)
  from space 20992K, 0% used [0x0000000726e80000,0x0000000726e80000,0x0000000728300000)
  to   space 20992K, 0% used [0x0000000725a00000,0x0000000725a00000,0x0000000726e80000)
 ParOldGen       total 294912K, used 12944K [0x00000005ccc00000, 0x00000005dec00000, 0x0000000719980000)
  object space 294912K, 4% used [0x00000005ccc00000,0x00000005cd8a4238,0x00000005dec00000)
 Metaspace       used 44489K, capacity 49438K, committed 49664K, reserved 1091584K
  class space    used 6499K, capacity 7068K, committed 7168K, reserved 1048576K
Event: 2.474 GC heap after
Heap after GC invocations=7 (full 2):
 PSYoungGen      total 218112K, used 11056K [0x0000000719980000, 0x000000072cb80000, 0x00000007c0000000)
  eden space 197120K, 0% used [0x0000000719980000,0x0000000719980000,0x0000000725a00000)
  from space 20992K, 52% used [0x0000000725a00000,0x00000007264cc020,0x0000000726e80000)
  to   space 13824K, 0% used [0x000000072be00000,0x000000072be00000,0x000000072cb80000)
 ParOldGen       total 294912K, used 12952K [0x00000005ccc00000, 0x00000005dec00000, 0x0000000719980000)
  object space 294912K, 4% used [0x00000005ccc00000,0x00000005cd8a6238,0x00000005dec00000)
 Metaspace       used 44489K, capacity 49438K, committed 49664K, reserved 1091584K
  class space    used 6499K, capacity 7068K, committed 7168K, reserved 1048576K
}

