# JRE version: OpenJDK Runtime Environment (8.0_292-b10) (build 1.8.0_292-b10)
# Java VM: OpenJDK 64-Bit Server VM (25.292-b10 mixed mode linux-amd64 compressed oops)
Heap:
 PSYoungGen      total 219136K, used 85266K [0x0000000719980000, 0x000000072d300000, 0x00000007c0000000)
  eden space 198144K, 37% used [0x0000000719980000,0x000000071e1d13d8,0x0000000725b00000)
  from space 20992K, 53% used [0x0000000725b00000,0x00000007265f3798,0x0000000726f80000)
  to   space 15360K, 0% used [0x000000072c400000,0x000000072c400000,0x000000072d300000)
 ParOldGen       total 286208K, used 10378K [0x00000005ccc00000, 0x00000005de380000, 0x0000000719980000)
  object space 286208K, 3% used [0x00000005ccc00000,0x00000005cd622aa8,0x00000005de380000)
 Metaspace       used 46127K, capacity 53008K, committed 53336K, reserved 1095680K
  class space    used 6848K, capacity 7665K, committed 7768K, reserved 1048576K
GC Heap History (10 events):
Event: 1.054 GC heap before
{Heap before GC invocations=3 (full 1):
 PSYoungGen      total 149504K, used 5791K [0x0000000719980000, 0x000000072bd80000, 0x00000007c0000000)
  eden space 128512K, 0% used [0x0000000719980000,0x0000000719980000,0x0000000721700000)
  from space 20992K, 27% used [0x0000000722b80000,0x0000000723127ec0,0x0000000724000000)
  to   space 20992K, 0% used [0x0000000721700000,0x0000000721700000,0x0000000722b80000)
 ParOldGen       total 341504K, used 24K [0x00000005ccc00000, 0x00000005e1980000, 0x0000000719980000)
  object space 341504K, 0% used [0x00000005ccc00000,0x00000005ccc06000,0x00000005e1980000)
 Metaspace       used 20128K, capacity 21132K, committed 21248K, reserved 1067008K
  class space    used 2820K, capacity 2962K, committed 3072K, reserved 1048576K
Event: 1.067 GC heap after
Heap after GC invocations=3 (full 1):
 PSYoungGen      total 149504K, used 0K [0x0000000719980000, 0x000000072bd80000, 0x00000007c0000000)
  eden space 128512K, 0% used [0x0000000719980000,0x0000000719980000,0x0000000721700000)
  from space 20992K, 0% used [0x0000000722b80000,0x0000000722b80000,0x0000000724000000)
  to   space 20992K, 0% used [0x0000000721700000,0x0000000721700000,0x0000000722b80000)
 ParOldGen       total 188928K, used 5552K [0x00000005ccc00000, 0x00000005d8480000, 0x0000000719980000)
  object space 188928K, 2% used [0x00000005ccc00000,0x00000005cd16c168,0x00000005d8480000)
 Metaspace       used 20128K, capacity 21132K, committed 21248K, reserved 1067008K
  class space    used 2820K, capacity 2962K, committed 3072K, reserved 1048576K
}
Event: 1.518 GC heap before
{Heap before GC invocations=4 (full 1):
 PSYoungGen      total 149504K, used 128512K [0x0000000719980000, 0x000000072bd80000, 0x00000007c0000000)
  eden space 128512K, 100% used [0x0000000719980000,0x0000000721700000,0x0000000721700000)
  from space 20992K, 0% used [0x0000000722b80000,0x0000000722b80000,0x0000000724000000)
  to   space 20992K, 0% used [0x0000000721700000,0x0000000721700000,0x0000000722b80000)
 ParOldGen       total 188928K, used 5552K [0x00000005ccc00000, 0x00000005d8480000, 0x0000000719980000)
  object space 188928K, 2% used [0x00000005ccc00000,0x00000005cd16c168,0x00000005d8480000)
 Metaspace       used 31950K, capacity 33716K, committed 33920K, reserved 1079296K
  class space    used 4494K, capacity 4731K, committed 4736K, reserved 1048576K
Event: 1.523 GC heap after
Heap after GC invocations=4 (full 1):
 PSYoungGen      total 149504K, used 10800K [0x0000000719980000, 0x0000000728400000, 0x00000007c0000000)
  eden space 128512K, 0% used [0x0000000719980000,0x0000000719980000,0x0000000721700000)
  from space 20992K, 51% used [0x0000000721700000,0x000000072218c0b0,0x0000000722b80000)
  to   space 20992K, 0% used [0x0000000726f80000,0x0000000726f80000,0x0000000728400000)
 ParOldGen       total 188928K, used 5560K [0x00000005ccc00000, 0x00000005d8480000, 0x0000000719980000)
  object space 188928K, 2% used [0x00000005ccc00000,0x00000005cd16e168,0x00000005d8480000)
 Metaspace       used 31950K, capacity 33716K, committed 33920K, reserved 1079296K
  class space    used 4494K, capacity 4731K, committed 4736K, reserved 1048576K
}
Event: 1.574 GC heap before
{Heap before GC invocations=5 (full 1):
 PSYoungGen      total 149504K, used 31904K [0x0000000719980000, 0x0000000728400000, 0x00000007c0000000)
  eden space 128512K, 16% used [0x0000000719980000,0x000000071ae1c188,0x0000000721700000)
  from space 20992K, 51% used [0x0000000721700000,0x000000072218c0b0,0x0000000722b80000)
  to   space 20992K, 0% used [0x0000000726f80000,0x0000000726f80000,0x0000000728400000)
 ParOldGen       total 188928K, used 5560K [0x00000005ccc00000, 0x00000005d8480000, 0x0000000719980000)
  object space 188928K, 2% used [0x00000005ccc00000,0x00000005cd16e168,0x00000005d8480000)
 Metaspace       used 33475K, capacity 35328K, committed 35416K, reserved 1079296K
  class space    used 4649K, capacity 4893K, committed 4952K, reserved 1048576K
Event: 1.576 GC heap after
Heap after GC invocations=5 (full 1):
 PSYoungGen      total 219136K, used 6208K [0x0000000719980000, 0x0000000729080000, 0x00000007c0000000)
  eden space 198144K, 0% used [0x0000000719980000,0x0000000719980000,0x0000000725b00000)
  from space 20992K, 29% used [0x0000000726f80000,0x00000007275901a8,0x0000000728400000)
  to   space 20992K, 0% used [0x0000000725b00000,0x0000000725b00000,0x0000000726f80000)
 ParOldGen       total 188928K, used 5560K [0x00000005ccc00000, 0x00000005d8480000, 0x0000000719980000)
  object space 188928K, 2% used [0x00000005ccc00000,0x00000005cd16e168,0x00000005d8480000)
 Metaspace       used 33475K, capacity 35328K, committed 35416K, reserved 1079296K
  class space    used 4649K, capacity 4893K, committed 4952K, reserved 1048576K
}
Event: 1.576 GC heap before
{Heap before GC invocations=6 (full 2):
 PSYoungGen      total 219136K, used 6208K [0x0000000719980000, 0x0000000729080000, 0x00000007c0000000)
  eden space 198144K, 0% used [0x0000000719980000,0x0000000719980000,0x0000000725b00000)
  from space 20992K, 29% used [0x0000000726f80000,0x00000007275901a8,0x0000000728400000)
  to   space 20992K, 0% used [0x0000000725b00000,0x0000000725b00000,0x0000000726f80000)
 ParOldGen       total 188928K, used 5560K [0x00000005ccc00000, 0x00000005d8480000, 0x0000000719980000)
  object space 188928K, 2% used [0x00000005ccc00000,0x00000005cd16e168,0x00000005d8480000)
 Metaspace       used 33475K, capacity 35328K, committed 35416K, reserved 1079296K
  class space    used 4649K, capacity 4893K, committed 4952K, reserved 1048576K
Event: 1.593 GC heap after
Heap after GC invocations=6 (full 2):
 PSYoungGen      total 219136K, used 0K [0x0000000719980000, 0x0000000729080000, 0x00000007c0000000)
  eden space 198144K, 0% used [0x0000000719980000,0x0000000719980000,0x0000000725b00000)
  from space 20992K, 0% used [0x0000000726f80000,0x0000000726f80000,0x0000000728400000)
  to   space 20992K, 0% used [0x0000000725b00000,0x0000000725b00000,0x0000000726f80000)
 ParOldGen       total 286208K, used 10370K [0x00000005ccc00000, 0x00000005de380000, 0x0000000719980000)
  object space 286208K, 3% used [0x00000005ccc00000,0x00000005cd620aa8,0x00000005de380000)
 Metaspace       used 33475K, capacity 35328K, committed 35416K, reserved 1079296K
  class space    used 4649K, capacity 4893K, committed 4952K, reserved 1048576K
}
Event: 2.179 GC heap before
{Heap before GC invocations=7 (full 2):
 PSYoungGen      total 219136K, used 198144K [0x0000000719980000, 0x0000000729080000, 0x00000007c0000000)
  eden space 198144K, 100% used [0x0000000719980000,0x0000000725b00000,0x0000000725b00000)
  from space 20992K, 0% used [0x0000000726f80000,0x0000000726f80000,0x0000000728400000)
  to   space 20992K, 0% used [0x0000000725b00000,0x0000000725b00000,0x0000000726f80000)
 ParOldGen       total 286208K, used 10370K [0x00000005ccc00000, 0x00000005de380000, 0x0000000719980000)
  object space 286208K, 3% used [0x00000005ccc00000,0x00000005cd620aa8,0x00000005de380000)
 Metaspace       used 44802K, capacity 49964K, committed 50264K, reserved 1091584K
  class space    used 6561K, capacity 7161K, committed 7256K, reserved 1048576K
Event: 2.186 GC heap after
Heap after GC invocations=7 (full 2):
 PSYoungGen      total 219136K, used 11213K [0x0000000719980000, 0x000000072d300000, 0x00000007c0000000)
  eden space 198144K, 0% used [0x0000000719980000,0x0000000719980000,0x0000000725b00000)
  from space 20992K, 53% used [0x0000000725b00000,0x00000007265f3798,0x0000000726f80000)
  to   space 15360K, 0% used [0x000000072c400000,0x000000072c400000,0x000000072d300000)
 ParOldGen       total 286208K, used 10378K [0x00000005ccc00000, 0x00000005de380000, 0x0000000719980000)
  object space 286208K, 3% used [0x00000005ccc00000,0x00000005cd622aa8,0x00000005de380000)
 Metaspace       used 44802K, capacity 49964K, committed 50264K, reserved 1091584K
  class space    used 6561K, capacity 7161K, committed 7256K, reserved 1048576K
}

