# JRE version: OpenJDK Runtime Environment (8.0_292-b10) (build 1.8.0_292-b10)
# Java VM: OpenJDK 64-Bit Server VM (25.292-b10 mixed mode linux-amd64 compressed oops)
Heap:
 PSYoungGen      total 209408K, used 134894K [0x0000000719980000, 0x000000072bb00000, 0x00000007c0000000)
  eden space 188416K, 65% used [0x0000000719980000,0x00000007212a3f30,0x0000000725180000)
  from space 20992K, 51% used [0x0000000725180000,0x0000000725c17b10,0x0000000726600000)
  to   space 13824K, 0% used [0x000000072ad80000,0x000000072ad80000,0x000000072bb00000)
 ParOldGen       total 309248K, used 13009K [0x00000005ccc00000, 0x00000005dfa00000, 0x0000000719980000)
  object space 309248K, 4% used [0x00000005ccc00000,0x00000005cd8b45c8,0x00000005dfa00000)
 Metaspace       used 46826K, capacity 54086K, committed 54272K, reserved 1095680K
  class space    used 6997K, capacity 7848K, committed 7936K, reserved 1048576K
GC Heap History (10 events):
Event: 1.678 GC heap before
{Heap before GC invocations=3 (full 1):
 PSYoungGen      total 149504K, used 7080K [0x0000000719980000, 0x000000072bd80000, 0x00000007c0000000)
  eden space 128512K, 0% used [0x0000000719980000,0x0000000719980000,0x0000000721700000)
  from space 20992K, 33% used [0x0000000722b80000,0x000000072326a060,0x0000000724000000)
  to   space 20992K, 0% used [0x0000000721700000,0x0000000721700000,0x0000000722b80000)
 ParOldGen       total 341504K, used 24K [0x00000005ccc00000, 0x00000005e1980000, 0x0000000719980000)
  object space 341504K, 0% used [0x00000005ccc00000,0x00000005ccc06000,0x00000005e1980000)
 Metaspace       used 20108K, capacity 21132K, committed 21248K, reserved 1067008K
  class space    used 2809K, capacity 2964K, committed 3072K, reserved 1048576K
Event: 1.706 GC heap after
Heap after GC invocations=3 (full 1):
 PSYoungGen      total 149504K, used 0K [0x0000000719980000, 0x000000072bd80000, 0x00000007c0000000)
  eden space 128512K, 0% used [0x0000000719980000,0x0000000719980000,0x0000000721700000)
  from space 20992K, 0% used [0x0000000722b80000,0x0000000722b80000,0x0000000724000000)
  to   space 20992K, 0% used [0x0000000721700000,0x0000000721700000,0x0000000722b80000)
 ParOldGen       total 198144K, used 6871K [0x00000005ccc00000, 0x00000005d8d80000, 0x0000000719980000)
  object space 198144K, 3% used [0x00000005ccc00000,0x00000005cd2b5f10,0x00000005d8d80000)
 Metaspace       used 20108K, capacity 21132K, committed 21248K, reserved 1067008K
  class space    used 2809K, capacity 2964K, committed 3072K, reserved 1048576K
}
Event: 2.191 GC heap before
{Heap before GC invocations=4 (full 1):
 PSYoungGen      total 149504K, used 128512K [0x0000000719980000, 0x000000072bd80000, 0x00000007c0000000)
  eden space 128512K, 100% used [0x0000000719980000,0x0000000721700000,0x0000000721700000)
  from space 20992K, 0% used [0x0000000722b80000,0x0000000722b80000,0x0000000724000000)
  to   space 20992K, 0% used [0x0000000721700000,0x0000000721700000,0x0000000722b80000)
 ParOldGen       total 198144K, used 6871K [0x00000005ccc00000, 0x00000005d8d80000, 0x0000000719980000)
  object space 198144K, 3% used [0x00000005ccc00000,0x00000005cd2b5f10,0x00000005d8d80000)
 Metaspace       used 30136K, capacity 31848K, committed 31872K, reserved 1077248K
  class space    used 4239K, capacity 4473K, committed 4480K, reserved 1048576K
Event: 2.195 GC heap after
Heap after GC invocations=4 (full 1):
 PSYoungGen      total 149504K, used 10855K [0x0000000719980000, 0x0000000727a80000, 0x00000007c0000000)
  eden space 128512K, 0% used [0x0000000719980000,0x0000000719980000,0x0000000721700000)
  from space 20992K, 51% used [0x0000000721700000,0x0000000722199c70,0x0000000722b80000)
  to   space 20992K, 0% used [0x0000000726600000,0x0000000726600000,0x0000000727a80000)
 ParOldGen       total 198144K, used 6879K [0x00000005ccc00000, 0x00000005d8d80000, 0x0000000719980000)
  object space 198144K, 3% used [0x00000005ccc00000,0x00000005cd2b7f10,0x00000005d8d80000)
 Metaspace       used 30136K, capacity 31848K, committed 31872K, reserved 1077248K
  class space    used 4239K, capacity 4473K, committed 4480K, reserved 1048576K
}
Event: 2.297 GC heap before
{Heap before GC invocations=5 (full 1):
 PSYoungGen      total 149504K, used 48495K [0x0000000719980000, 0x0000000727a80000, 0x00000007c0000000)
  eden space 128512K, 29% used [0x0000000719980000,0x000000071be42008,0x0000000721700000)
  from space 20992K, 51% used [0x0000000721700000,0x0000000722199c70,0x0000000722b80000)
  to   space 20992K, 0% used [0x0000000726600000,0x0000000726600000,0x0000000727a80000)
 ParOldGen       total 198144K, used 6879K [0x00000005ccc00000, 0x00000005d8d80000, 0x0000000719980000)
  object space 198144K, 3% used [0x00000005ccc00000,0x00000005cd2b7f10,0x00000005d8d80000)
 Metaspace       used 33522K, capacity 35400K, committed 35416K, reserved 1079296K
  class space    used 4636K, capacity 4857K, committed 4864K, reserved 1048576K
Event: 2.300 GC heap after
Heap after GC invocations=5 (full 1):
 PSYoungGen      total 209408K, used 8405K [0x0000000719980000, 0x0000000727f80000, 0x00000007c0000000)
  eden space 188416K, 0% used [0x0000000719980000,0x0000000719980000,0x0000000725180000)
  from space 20992K, 40% used [0x0000000726600000,0x0000000726e355e0,0x0000000727a80000)
  to   space 20992K, 0% used [0x0000000725180000,0x0000000725180000,0x0000000726600000)
 ParOldGen       total 198144K, used 6887K [0x00000005ccc00000, 0x00000005d8d80000, 0x0000000719980000)
  object space 198144K, 3% used [0x00000005ccc00000,0x00000005cd2b9f10,0x00000005d8d80000)
 Metaspace       used 33522K, capacity 35400K, committed 35416K, reserved 1079296K
  class space    used 4636K, capacity 4857K, committed 4864K, reserved 1048576K
}
Event: 2.300 GC heap before
{Heap before GC invocations=6 (full 2):
 PSYoungGen      total 209408K, used 8405K [0x0000000719980000, 0x0000000727f80000, 0x00000007c0000000)
  eden space 188416K, 0% used [0x0000000719980000,0x0000000719980000,0x0000000725180000)
  from space 20992K, 40% used [0x0000000726600000,0x0000000726e355e0,0x0000000727a80000)
  to   space 20992K, 0% used [0x0000000725180000,0x0000000725180000,0x0000000726600000)
 ParOldGen       total 198144K, used 6887K [0x00000005ccc00000, 0x00000005d8d80000, 0x0000000719980000)
  object space 198144K, 3% used [0x00000005ccc00000,0x00000005cd2b9f10,0x00000005d8d80000)
 Metaspace       used 33522K, capacity 35400K, committed 35416K, reserved 1079296K
  class space    used 4636K, capacity 4857K, committed 4864K, reserved 1048576K
Event: 2.314 GC heap after
Heap after GC invocations=6 (full 2):
 PSYoungGen      total 209408K, used 0K [0x0000000719980000, 0x0000000727f80000, 0x00000007c0000000)
  eden space 188416K, 0% used [0x0000000719980000,0x0000000719980000,0x0000000725180000)
  from space 20992K, 0% used [0x0000000726600000,0x0000000726600000,0x0000000727a80000)
  to   space 20992K, 0% used [0x0000000725180000,0x0000000725180000,0x0000000726600000)
 ParOldGen       total 309248K, used 13001K [0x00000005ccc00000, 0x00000005dfa00000, 0x0000000719980000)
  object space 309248K, 4% used [0x00000005ccc00000,0x00000005cd8b25c8,0x00000005dfa00000)
 Metaspace       used 33522K, capacity 35400K, committed 35416K, reserved 1079296K
  class space    used 4636K, capacity 4857K, committed 4864K, reserved 1048576K
}
Event: 2.879 GC heap before
{Heap before GC invocations=7 (full 2):
 PSYoungGen      total 209408K, used 188416K [0x0000000719980000, 0x0000000727f80000, 0x00000007c0000000)
  eden space 188416K, 100% used [0x0000000719980000,0x0000000725180000,0x0000000725180000)
  from space 20992K, 0% used [0x0000000726600000,0x0000000726600000,0x0000000727a80000)
  to   space 20992K, 0% used [0x0000000725180000,0x0000000725180000,0x0000000726600000)
 ParOldGen       total 309248K, used 13001K [0x00000005ccc00000, 0x00000005dfa00000, 0x0000000719980000)
  object space 309248K, 4% used [0x00000005ccc00000,0x00000005cd8b25c8,0x00000005dfa00000)
 Metaspace       used 44334K, capacity 49102K, committed 49280K, reserved 1091584K
  class space    used 6470K, capacity 7014K, committed 7040K, reserved 1048576K
Event: 2.885 GC heap after
Heap after GC invocations=7 (full 2):
 PSYoungGen      total 209408K, used 10846K [0x0000000719980000, 0x000000072bb00000, 0x00000007c0000000)
  eden space 188416K, 0% used [0x0000000719980000,0x0000000719980000,0x0000000725180000)
  from space 20992K, 51% used [0x0000000725180000,0x0000000725c17b10,0x0000000726600000)
  to   space 13824K, 0% used [0x000000072ad80000,0x000000072ad80000,0x000000072bb00000)
 ParOldGen       total 309248K, used 13009K [0x00000005ccc00000, 0x00000005dfa00000, 0x0000000719980000)
  object space 309248K, 4% used [0x00000005ccc00000,0x00000005cd8b45c8,0x00000005dfa00000)
 Metaspace       used 44334K, capacity 49102K, committed 49280K, reserved 1091584K
  class space    used 6470K, capacity 7014K, committed 7040K, reserved 1048576K
}

