# JRE version: OpenJDK Runtime Environment (8.0_292-b10) (build 1.8.0_292-b10)
# Java VM: OpenJDK 64-Bit Server VM (25.292-b10 mixed mode linux-amd64 compressed oops)
Heap:
 PSYoungGen      total 224256K, used 83652K [0x0000000719980000, 0x000000072dc80000, 0x00000007c0000000)
  eden space 203264K, 35% used [0x0000000719980000,0x000000071e014090,0x0000000726000000)
  from space 20992K, 54% used [0x0000000726000000,0x0000000726b1d038,0x0000000727480000)
  to   space 14848K, 0% used [0x000000072ce00000,0x000000072ce00000,0x000000072dc80000)
 ParOldGen       total 270336K, used 10685K [0x00000005ccc00000, 0x00000005dd400000, 0x0000000719980000)
  object space 270336K, 3% used [0x00000005ccc00000,0x00000005cd66f770,0x00000005dd400000)
 Metaspace       used 46139K, capacity 53012K, committed 53336K, reserved 1095680K
  class space    used 6852K, capacity 7665K, committed 7768K, reserved 1048576K
GC Heap History (10 events):
Event: 1.057 GC heap before
{Heap before GC invocations=3 (full 1):
 PSYoungGen      total 149504K, used 5743K [0x0000000719980000, 0x000000072bd80000, 0x00000007c0000000)
  eden space 128512K, 0% used [0x0000000719980000,0x0000000719980000,0x0000000721700000)
  from space 20992K, 27% used [0x0000000722b80000,0x000000072311beb0,0x0000000724000000)
  to   space 20992K, 0% used [0x0000000721700000,0x0000000721700000,0x0000000722b80000)
 ParOldGen       total 341504K, used 24K [0x00000005ccc00000, 0x00000005e1980000, 0x0000000719980000)
  object space 341504K, 0% used [0x00000005ccc00000,0x00000005ccc06000,0x00000005e1980000)
 Metaspace       used 20126K, capacity 21136K, committed 21248K, reserved 1067008K
  class space    used 2822K, capacity 2962K, committed 3072K, reserved 1048576K
Event: 1.071 GC heap after
Heap after GC invocations=3 (full 1):
 PSYoungGen      total 149504K, used 0K [0x0000000719980000, 0x000000072bd80000, 0x00000007c0000000)
  eden space 128512K, 0% used [0x0000000719980000,0x0000000719980000,0x0000000721700000)
  from space 20992K, 0% used [0x0000000722b80000,0x0000000722b80000,0x0000000724000000)
  to   space 20992K, 0% used [0x0000000721700000,0x0000000721700000,0x0000000722b80000)
 ParOldGen       total 181248K, used 5556K [0x00000005ccc00000, 0x00000005d7d00000, 0x0000000719980000)
  object space 181248K, 3% used [0x00000005ccc00000,0x00000005cd16d120,0x00000005d7d00000)
 Metaspace       used 20126K, capacity 21136K, committed 21248K, reserved 1067008K
  class space    used 2822K, capacity 2962K, committed 3072K, reserved 1048576K
}
Event: 1.490 GC heap before
{Heap before GC invocations=4 (full 1):
 PSYoungGen      total 149504K, used 128512K [0x0000000719980000, 0x000000072bd80000, 0x00000007c0000000)
  eden space 128512K, 100% used [0x0000000719980000,0x0000000721700000,0x0000000721700000)
  from space 20992K, 0% used [0x0000000722b80000,0x0000000722b80000,0x0000000724000000)
  to   space 20992K, 0% used [0x0000000721700000,0x0000000721700000,0x0000000722b80000)
 ParOldGen       total 181248K, used 5556K [0x00000005ccc00000, 0x00000005d7d00000, 0x0000000719980000)
  object space 181248K, 3% used [0x00000005ccc00000,0x00000005cd16d120,0x00000005d7d00000)
 Metaspace       used 31245K, capacity 32956K, committed 33024K, reserved 1077248K
  class space    used 4409K, capacity 4607K, committed 4608K, reserved 1048576K
Event: 1.494 GC heap after
Heap after GC invocations=4 (full 1):
 PSYoungGen      total 149504K, used 10219K [0x0000000719980000, 0x0000000728900000, 0x00000007c0000000)
  eden space 128512K, 0% used [0x0000000719980000,0x0000000719980000,0x0000000721700000)
  from space 20992K, 48% used [0x0000000721700000,0x00000007220fad50,0x0000000722b80000)
  to   space 20992K, 0% used [0x0000000727480000,0x0000000727480000,0x0000000728900000)
 ParOldGen       total 181248K, used 5564K [0x00000005ccc00000, 0x00000005d7d00000, 0x0000000719980000)
  object space 181248K, 3% used [0x00000005ccc00000,0x00000005cd16f120,0x00000005d7d00000)
 Metaspace       used 31245K, capacity 32956K, committed 33024K, reserved 1077248K
  class space    used 4409K, capacity 4607K, committed 4608K, reserved 1048576K
}
Event: 1.574 GC heap before
{Heap before GC invocations=5 (full 1):
 PSYoungGen      total 149504K, used 37140K [0x0000000719980000, 0x0000000728900000, 0x00000007c0000000)
  eden space 128512K, 20% used [0x0000000719980000,0x000000071b3ca640,0x0000000721700000)
  from space 20992K, 48% used [0x0000000721700000,0x00000007220fad50,0x0000000722b80000)
  to   space 20992K, 0% used [0x0000000727480000,0x0000000727480000,0x0000000728900000)
 ParOldGen       total 181248K, used 5564K [0x00000005ccc00000, 0x00000005d7d00000, 0x0000000719980000)
  object space 181248K, 3% used [0x00000005ccc00000,0x00000005cd16f120,0x00000005d7d00000)
 Metaspace       used 33492K, capacity 35328K, committed 35416K, reserved 1079296K
  class space    used 4664K, capacity 4893K, committed 4952K, reserved 1048576K
Event: 1.577 GC heap after
Heap after GC invocations=5 (full 1):
 PSYoungGen      total 224256K, used 6437K [0x0000000719980000, 0x0000000729180000, 0x00000007c0000000)
  eden space 203264K, 0% used [0x0000000719980000,0x0000000719980000,0x0000000726000000)
  from space 20992K, 30% used [0x0000000727480000,0x0000000727ac96c0,0x0000000728900000)
  to   space 20992K, 0% used [0x0000000726000000,0x0000000726000000,0x0000000727480000)
 ParOldGen       total 181248K, used 5572K [0x00000005ccc00000, 0x00000005d7d00000, 0x0000000719980000)
  object space 181248K, 3% used [0x00000005ccc00000,0x00000005cd171120,0x00000005d7d00000)
 Metaspace       used 33492K, capacity 35328K, committed 35416K, reserved 1079296K
  class space    used 4664K, capacity 4893K, committed 4952K, reserved 1048576K
}
Event: 1.577 GC heap before
{Heap before GC invocations=6 (full 2):
 PSYoungGen      total 224256K, used 6437K [0x0000000719980000, 0x0000000729180000, 0x00000007c0000000)
  eden space 203264K, 0% used [0x0000000719980000,0x0000000719980000,0x0000000726000000)
  from space 20992K, 30% used [0x0000000727480000,0x0000000727ac96c0,0x0000000728900000)
  to   space 20992K, 0% used [0x0000000726000000,0x0000000726000000,0x0000000727480000)
 ParOldGen       total 181248K, used 5572K [0x00000005ccc00000, 0x00000005d7d00000, 0x0000000719980000)
  object space 181248K, 3% used [0x00000005ccc00000,0x00000005cd171120,0x00000005d7d00000)
 Metaspace       used 33492K, capacity 35328K, committed 35416K, reserved 1079296K
  class space    used 4664K, capacity 4893K, committed 4952K, reserved 1048576K
Event: 1.593 GC heap after
Heap after GC invocations=6 (full 2):
 PSYoungGen      total 224256K, used 0K [0x0000000719980000, 0x0000000729180000, 0x00000007c0000000)
  eden space 203264K, 0% used [0x0000000719980000,0x0000000719980000,0x0000000726000000)
  from space 20992K, 0% used [0x0000000727480000,0x0000000727480000,0x0000000728900000)
  to   space 20992K, 0% used [0x0000000726000000,0x0000000726000000,0x0000000727480000)
 ParOldGen       total 270336K, used 10677K [0x00000005ccc00000, 0x00000005dd400000, 0x0000000719980000)
  object space 270336K, 3% used [0x00000005ccc00000,0x00000005cd66d770,0x00000005dd400000)
 Metaspace       used 33492K, capacity 35328K, committed 35416K, reserved 1079296K
  class space    used 4664K, capacity 4893K, committed 4952K, reserved 1048576K
}
Event: 2.207 GC heap before
{Heap before GC invocations=7 (full 2):
 PSYoungGen      total 224256K, used 203264K [0x0000000719980000, 0x0000000729180000, 0x00000007c0000000)
  eden space 203264K, 100% used [0x0000000719980000,0x0000000726000000,0x0000000726000000)
  from space 20992K, 0% used [0x0000000727480000,0x0000000727480000,0x0000000728900000)
  to   space 20992K, 0% used [0x0000000726000000,0x0000000726000000,0x0000000727480000)
 ParOldGen       total 270336K, used 10677K [0x00000005ccc00000, 0x00000005dd400000, 0x0000000719980000)
  object space 270336K, 3% used [0x00000005ccc00000,0x00000005cd66d770,0x00000005dd400000)
 Metaspace       used 44854K, capacity 50076K, committed 50264K, reserved 1091584K
  class space    used 6574K, capacity 7179K, committed 7256K, reserved 1048576K
Event: 2.212 GC heap after
Heap after GC invocations=7 (full 2):
 PSYoungGen      total 224256K, used 11380K [0x0000000719980000, 0x000000072dc80000, 0x00000007c0000000)
  eden space 203264K, 0% used [0x0000000719980000,0x0000000719980000,0x0000000726000000)
  from space 20992K, 54% used [0x0000000726000000,0x0000000726b1d038,0x0000000727480000)
  to   space 14848K, 0% used [0x000000072ce00000,0x000000072ce00000,0x000000072dc80000)
 ParOldGen       total 270336K, used 10685K [0x00000005ccc00000, 0x00000005dd400000, 0x0000000719980000)
  object space 270336K, 3% used [0x00000005ccc00000,0x00000005cd66f770,0x00000005dd400000)
 Metaspace       used 44854K, capacity 50076K, committed 50264K, reserved 1091584K
  class space    used 6574K, capacity 7179K, committed 7256K, reserved 1048576K
}

