<?xml version="1.0" encoding="UTF-8"?>
<Site BuildName="(empty)"
	BuildStamp="20210815-1221-Experimental"
	Name="(empty)"
	Generator="ctest-3.21.1"
	CompilerName=""
	CompilerVersion=""
	OSName="Linux"
	Hostname="lenovo"
	OSRelease="5.10.56-1-lts"
	OSVersion="#1 SMP Wed, 04 Aug 2021 12:34:06 +0000"
	OSPlatform="x86_64"
	Is64Bits="1"
	VendorString="GenuineIntel"
	VendorID="Intel Corporation"
	FamilyID="6"
	ModelID="158"
	ProcessorCacheSize="12288"
	NumberOfLogicalCPU="8"
	NumberOfPhysicalCPU="8"
	TotalVirtualMemory="32767"
	TotalPhysicalMemory="31945"
	LogicalProcessorsPerPhysical="1"
	ProcessorClockFrequency="4441.71"
	>
	<Testing>
		<StartDateTime>Aug 15 20:21 CST</StartDateTime>
		<StartTestTime>1629030090</StartTestTime>
		<TestList/>
		<EndDateTime>Aug 15 20:21 CST</EndDateTime>
		<EndTestTime>1629030090</EndTestTime>
		<ElapsedMinutes>0</ElapsedMinutes>
	</Testing>
</Site>
