# JRE version: OpenJDK Runtime Environment (8.0_292-b10) (build 1.8.0_292-b10)
# Java VM: OpenJDK 64-Bit Server VM (25.292-b10 mixed mode linux-amd64 compressed oops)
Heap:
 PSYoungGen      total 149504K, used 127888K [0x00000000eab00000, 0x00000000f5180000, 0x0000000100000000)
  eden space 128512K, 90% used [0x00000000eab00000,0x00000000f1c4c458,0x00000000f2880000)
  from space 20992K, 56% used [0x00000000f2880000,0x00000000f3417c38,0x00000000f3d00000)
  to   space 20992K, 0% used [0x00000000f3d00000,0x00000000f3d00000,0x00000000f5180000)
 ParOldGen       total 382464K, used 19055K [0x00000000c0000000, 0x00000000d7580000, 0x00000000eab00000)
  object space 382464K, 4% used [0x00000000c0000000,0x00000000c129bde0,0x00000000d7580000)
 Metaspace       used 35726K, capacity 37720K, committed 37848K, reserved 1081344K
  class space    used 4732K, capacity 5002K, committed 5120K, reserved 1048576K
GC Heap History (10 events):
Event: 0.815 GC heap before
{Heap before GC invocations=1 (full 0):
 PSYoungGen      total 149504K, used 113372K [0x00000000eab00000, 0x00000000f5180000, 0x0000000100000000)
  eden space 128512K, 88% used [0x00000000eab00000,0x00000000f19b72e0,0x00000000f2880000)
  from space 20992K, 0% used [0x00000000f3d00000,0x00000000f3d00000,0x00000000f5180000)
  to   space 20992K, 0% used [0x00000000f2880000,0x00000000f2880000,0x00000000f3d00000)
 ParOldGen       total 341504K, used 0K [0x00000000c0000000, 0x00000000d4d80000, 0x00000000eab00000)
  object space 341504K, 0% used [0x00000000c0000000,0x00000000c0000000,0x00000000d4d80000)
 Metaspace       used 20240K, capacity 21088K, committed 21248K, reserved 1067008K
  class space    used 2853K, capacity 2990K, committed 3072K, reserved 1048576K
Event: 0.821 GC heap after
Heap after GC invocations=1 (full 0):
 PSYoungGen      total 149504K, used 15848K [0x00000000eab00000, 0x00000000f5180000, 0x0000000100000000)
  eden space 128512K, 0% used [0x00000000eab00000,0x00000000eab00000,0x00000000f2880000)
  from space 20992K, 75% used [0x00000000f2880000,0x00000000f37fa300,0x00000000f3d00000)
  to   space 20992K, 0% used [0x00000000f3d00000,0x00000000f3d00000,0x00000000f5180000)
 ParOldGen       total 341504K, used 24K [0x00000000c0000000, 0x00000000d4d80000, 0x00000000eab00000)
  object space 341504K, 0% used [0x00000000c0000000,0x00000000c0006000,0x00000000d4d80000)
 Metaspace       used 20240K, capacity 21088K, committed 21248K, reserved 1067008K
  class space    used 2853K, capacity 2990K, committed 3072K, reserved 1048576K
}
Event: 0.821 GC heap before
{Heap before GC invocations=2 (full 1):
 PSYoungGen      total 149504K, used 15848K [0x00000000eab00000, 0x00000000f5180000, 0x0000000100000000)
  eden space 128512K, 0% used [0x00000000eab00000,0x00000000eab00000,0x00000000f2880000)
  from space 20992K, 75% used [0x00000000f2880000,0x00000000f37fa300,0x00000000f3d00000)
  to   space 20992K, 0% used [0x00000000f3d00000,0x00000000f3d00000,0x00000000f5180000)
 ParOldGen       total 341504K, used 24K [0x00000000c0000000, 0x00000000d4d80000, 0x00000000eab00000)
  object space 341504K, 0% used [0x00000000c0000000,0x00000000c0006000,0x00000000d4d80000)
 Metaspace       used 20240K, capacity 21088K, committed 21248K, reserved 1067008K
  class space    used 2853K, capacity 2990K, committed 3072K, reserved 1048576K
Event: 0.835 GC heap after
Heap after GC invocations=2 (full 1):
 PSYoungGen      total 149504K, used 0K [0x00000000eab00000, 0x00000000f5180000, 0x0000000100000000)
  eden space 128512K, 0% used [0x00000000eab00000,0x00000000eab00000,0x00000000f2880000)
  from space 20992K, 0% used [0x00000000f2880000,0x00000000f2880000,0x00000000f3d00000)
  to   space 20992K, 0% used [0x00000000f3d00000,0x00000000f3d00000,0x00000000f5180000)
 ParOldGen       total 231424K, used 15098K [0x00000000c0000000, 0x00000000ce200000, 0x00000000eab00000)
  object space 231424K, 6% used [0x00000000c0000000,0x00000000c0ebea18,0x00000000ce200000)
 Metaspace       used 20240K, capacity 21088K, committed 21248K, reserved 1067008K
  class space    used 2853K, capacity 2990K, committed 3072K, reserved 1048576K
}
Event: 43.188 GC heap before
{Heap before GC invocations=3 (full 1):
 PSYoungGen      total 149504K, used 127001K [0x00000000eab00000, 0x00000000f5180000, 0x0000000100000000)
  eden space 128512K, 98% used [0x00000000eab00000,0x00000000f2706770,0x00000000f2880000)
  from space 20992K, 0% used [0x00000000f2880000,0x00000000f2880000,0x00000000f3d00000)
  to   space 20992K, 0% used [0x00000000f3d00000,0x00000000f3d00000,0x00000000f5180000)
 ParOldGen       total 231424K, used 15098K [0x00000000c0000000, 0x00000000ce200000, 0x00000000eab00000)
  object space 231424K, 6% used [0x00000000c0000000,0x00000000c0ebea18,0x00000000ce200000)
 Metaspace       used 33495K, capacity 35340K, committed 35416K, reserved 1079296K
  class space    used 4675K, capacity 4936K, committed 4992K, reserved 1048576K
Event: 43.200 GC heap after
Heap after GC invocations=3 (full 1):
 PSYoungGen      total 149504K, used 13793K [0x00000000eab00000, 0x00000000f5180000, 0x0000000100000000)
  eden space 128512K, 0% used [0x00000000eab00000,0x00000000eab00000,0x00000000f2880000)
  from space 20992K, 65% used [0x00000000f3d00000,0x00000000f4a78420,0x00000000f5180000)
  to   space 20992K, 0% used [0x00000000f2880000,0x00000000f2880000,0x00000000f3d00000)
 ParOldGen       total 231424K, used 15106K [0x00000000c0000000, 0x00000000ce200000, 0x00000000eab00000)
  object space 231424K, 6% used [0x00000000c0000000,0x00000000c0ec0a18,0x00000000ce200000)
 Metaspace       used 33495K, capacity 35340K, committed 35416K, reserved 1079296K
  class space    used 4675K, capacity 4936K, committed 4992K, reserved 1048576K
}
Event: 43.200 GC heap before
{Heap before GC invocations=4 (full 2):
 PSYoungGen      total 149504K, used 13793K [0x00000000eab00000, 0x00000000f5180000, 0x0000000100000000)
  eden space 128512K, 0% used [0x00000000eab00000,0x00000000eab00000,0x00000000f2880000)
  from space 20992K, 65% used [0x00000000f3d00000,0x00000000f4a78420,0x00000000f5180000)
  to   space 20992K, 0% used [0x00000000f2880000,0x00000000f2880000,0x00000000f3d00000)
 ParOldGen       total 231424K, used 15106K [0x00000000c0000000, 0x00000000ce200000, 0x00000000eab00000)
  object space 231424K, 6% used [0x00000000c0000000,0x00000000c0ec0a18,0x00000000ce200000)
 Metaspace       used 33495K, capacity 35340K, committed 35416K, reserved 1079296K
  class space    used 4675K, capacity 4936K, committed 4992K, reserved 1048576K
Event: 43.218 GC heap after
Heap after GC invocations=4 (full 2):
 PSYoungGen      total 149504K, used 0K [0x00000000eab00000, 0x00000000f5180000, 0x0000000100000000)
  eden space 128512K, 0% used [0x00000000eab00000,0x00000000eab00000,0x00000000f2880000)
  from space 20992K, 0% used [0x00000000f3d00000,0x00000000f3d00000,0x00000000f5180000)
  to   space 20992K, 0% used [0x00000000f2880000,0x00000000f2880000,0x00000000f3d00000)
 ParOldGen       total 382464K, used 19047K [0x00000000c0000000, 0x00000000d7580000, 0x00000000eab00000)
  object space 382464K, 4% used [0x00000000c0000000,0x00000000c1299de0,0x00000000d7580000)
 Metaspace       used 33486K, capacity 35312K, committed 35416K, reserved 1079296K
  class space    used 4671K, capacity 4930K, committed 4992K, reserved 1048576K
}
Event: 138612.489 GC heap before
{Heap before GC invocations=5 (full 2):
 PSYoungGen      total 149504K, used 128512K [0x00000000eab00000, 0x00000000f5180000, 0x0000000100000000)
  eden space 128512K, 100% used [0x00000000eab00000,0x00000000f2880000,0x00000000f2880000)
  from space 20992K, 0% used [0x00000000f3d00000,0x00000000f3d00000,0x00000000f5180000)
  to   space 20992K, 0% used [0x00000000f2880000,0x00000000f2880000,0x00000000f3d00000)
 ParOldGen       total 382464K, used 19047K [0x00000000c0000000, 0x00000000d7580000, 0x00000000eab00000)
  object space 382464K, 4% used [0x00000000c0000000,0x00000000c1299de0,0x00000000d7580000)
 Metaspace       used 35396K, capacity 37384K, committed 37464K, reserved 1081344K
  class space    used 4719K, capacity 4966K, committed 4992K, reserved 1048576K
Event: 138612.511 GC heap after
Heap after GC invocations=5 (full 2):
 PSYoungGen      total 149504K, used 11871K [0x00000000eab00000, 0x00000000f5180000, 0x0000000100000000)
  eden space 128512K, 0% used [0x00000000eab00000,0x00000000eab00000,0x00000000f2880000)
  from space 20992K, 56% used [0x00000000f2880000,0x00000000f3417c38,0x00000000f3d00000)
  to   space 20992K, 0% used [0x00000000f3d00000,0x00000000f3d00000,0x00000000f5180000)
 ParOldGen       total 382464K, used 19055K [0x00000000c0000000, 0x00000000d7580000, 0x00000000eab00000)
  object space 382464K, 4% used [0x00000000c0000000,0x00000000c129bde0,0x00000000d7580000)
 Metaspace       used 35396K, capacity 37384K, committed 37464K, reserved 1081344K
  class space    used 4719K, capacity 4966K, committed 4992K, reserved 1048576K
}

