# JRE version: OpenJDK Runtime Environment (8.0_292-b10) (build 1.8.0_292-b10)
# Java VM: OpenJDK 64-Bit Server VM (25.292-b10 mixed mode linux-amd64 compressed oops)
Heap:
 PSYoungGen      total 149504K, used 119303K [0x00000000eab00000, 0x00000000f5180000, 0x0000000100000000)
  eden space 128512K, 92% used [0x00000000eab00000,0x00000000f1f81d30,0x00000000f2880000)
  from space 20992K, 0% used [0x00000000f2880000,0x00000000f2880000,0x00000000f3d00000)
  to   space 20992K, 0% used [0x00000000f3d00000,0x00000000f3d00000,0x00000000f5180000)
 ParOldGen       total 230912K, used 15098K [0x00000000c0000000, 0x00000000ce180000, 0x00000000eab00000)
  object space 230912K, 6% used [0x00000000c0000000,0x00000000c0ebea18,0x00000000ce180000)
 Metaspace       used 30882K, capacity 32462K, committed 32768K, reserved 1077248K
  class space    used 4291K, capacity 4496K, committed 4608K, reserved 1048576K
GC Heap History (4 events):
Event: 0.802 GC heap before
{Heap before GC invocations=1 (full 0):
 PSYoungGen      total 149504K, used 113372K [0x00000000eab00000, 0x00000000f5180000, 0x0000000100000000)
  eden space 128512K, 88% used [0x00000000eab00000,0x00000000f19b72e0,0x00000000f2880000)
  from space 20992K, 0% used [0x00000000f3d00000,0x00000000f3d00000,0x00000000f5180000)
  to   space 20992K, 0% used [0x00000000f2880000,0x00000000f2880000,0x00000000f3d00000)
 ParOldGen       total 341504K, used 0K [0x00000000c0000000, 0x00000000d4d80000, 0x00000000eab00000)
  object space 341504K, 0% used [0x00000000c0000000,0x00000000c0000000,0x00000000d4d80000)
 Metaspace       used 20244K, capacity 21088K, committed 21248K, reserved 1067008K
  class space    used 2853K, capacity 2990K, committed 3072K, reserved 1048576K
Event: 0.809 GC heap after
Heap after GC invocations=1 (full 0):
 PSYoungGen      total 149504K, used 15905K [0x00000000eab00000, 0x00000000f5180000, 0x0000000100000000)
  eden space 128512K, 0% used [0x00000000eab00000,0x00000000eab00000,0x00000000f2880000)
  from space 20992K, 75% used [0x00000000f2880000,0x00000000f3808650,0x00000000f3d00000)
  to   space 20992K, 0% used [0x00000000f3d00000,0x00000000f3d00000,0x00000000f5180000)
 ParOldGen       total 341504K, used 24K [0x00000000c0000000, 0x00000000d4d80000, 0x00000000eab00000)
  object space 341504K, 0% used [0x00000000c0000000,0x00000000c0006000,0x00000000d4d80000)
 Metaspace       used 20244K, capacity 21088K, committed 21248K, reserved 1067008K
  class space    used 2853K, capacity 2990K, committed 3072K, reserved 1048576K
}
Event: 0.809 GC heap before
{Heap before GC invocations=2 (full 1):
 PSYoungGen      total 149504K, used 15905K [0x00000000eab00000, 0x00000000f5180000, 0x0000000100000000)
  eden space 128512K, 0% used [0x00000000eab00000,0x00000000eab00000,0x00000000f2880000)
  from space 20992K, 75% used [0x00000000f2880000,0x00000000f3808650,0x00000000f3d00000)
  to   space 20992K, 0% used [0x00000000f3d00000,0x00000000f3d00000,0x00000000f5180000)
 ParOldGen       total 341504K, used 24K [0x00000000c0000000, 0x00000000d4d80000, 0x00000000eab00000)
  object space 341504K, 0% used [0x00000000c0000000,0x00000000c0006000,0x00000000d4d80000)
 Metaspace       used 20244K, capacity 21088K, committed 21248K, reserved 1067008K
  class space    used 2853K, capacity 2990K, committed 3072K, reserved 1048576K
Event: 0.822 GC heap after
Heap after GC invocations=2 (full 1):
 PSYoungGen      total 149504K, used 0K [0x00000000eab00000, 0x00000000f5180000, 0x0000000100000000)
  eden space 128512K, 0% used [0x00000000eab00000,0x00000000eab00000,0x00000000f2880000)
  from space 20992K, 0% used [0x00000000f2880000,0x00000000f2880000,0x00000000f3d00000)
  to   space 20992K, 0% used [0x00000000f3d00000,0x00000000f3d00000,0x00000000f5180000)
 ParOldGen       total 230912K, used 15098K [0x00000000c0000000, 0x00000000ce180000, 0x00000000eab00000)
  object space 230912K, 6% used [0x00000000c0000000,0x00000000c0ebea18,0x00000000ce180000)
 Metaspace       used 20244K, capacity 21088K, committed 21248K, reserved 1067008K
  class space    used 2853K, capacity 2990K, committed 3072K, reserved 1048576K
}

