# JRE version: OpenJDK Runtime Environment 18.9 (11.0.12+7) (build 11.0.12+7)
# Java VM: OpenJDK 64-Bit Server VM 18.9 (11.0.12+7, mixed mode, tiered, compressed oops, g1 gc, linux-amd64)
Heap:
 garbage-first heap   total 249856K, used 62050K [0x00000000c0000000, 0x0000000100000000)
  region size 1024K, 37 young (37888K), 7 survivors (7168K)
 Metaspace       used 39069K, capacity 40189K, committed 40448K, reserved 1083392K
  class space    used 4987K, capacity 5532K, committed 5632K, reserved 1048576K
GC Heap History (10 events):
Event: 0.418 GC heap before
{Heap before GC invocations=0 (full 0):
 garbage-first heap   total 249856K, used 37888K [0x00000000c0000000, 0x0000000100000000)
  region size 1024K, 24 young (24576K), 0 survivors (0K)
 Metaspace       used 7955K, capacity 8051K, committed 8448K, reserved 1056768K
  class space    used 652K, capacity 660K, committed 768K, reserved 1048576K
}
Event: 0.423 GC heap after
{Heap after GC invocations=1 (full 0):
 garbage-first heap   total 249856K, used 26221K [0x00000000c0000000, 0x0000000100000000)
  region size 1024K, 3 young (3072K), 3 survivors (3072K)
 Metaspace       used 7955K, capacity 8051K, committed 8448K, reserved 1056768K
  class space    used 652K, capacity 660K, committed 768K, reserved 1048576K
}
Event: 0.916 GC heap before
{Heap before GC invocations=1 (full 0):
 garbage-first heap   total 249856K, used 47725K [0x00000000c0000000, 0x0000000100000000)
  region size 1024K, 24 young (24576K), 3 survivors (3072K)
 Metaspace       used 16683K, capacity 16980K, committed 17280K, reserved 1064960K
  class space    used 1967K, capacity 2062K, committed 2176K, reserved 1048576K
}
Event: 0.920 GC heap after
{Heap after GC invocations=2 (full 0):
 garbage-first heap   total 249856K, used 27665K [0x00000000c0000000, 0x0000000100000000)
  region size 1024K, 2 young (2048K), 2 survivors (2048K)
 Metaspace       used 16683K, capacity 16980K, committed 17280K, reserved 1064960K
  class space    used 1967K, capacity 2062K, committed 2176K, reserved 1048576K
}
Event: 1.194 GC heap before
{Heap before GC invocations=2 (full 0):
 garbage-first heap   total 249856K, used 48145K [0x00000000c0000000, 0x0000000100000000)
  region size 1024K, 23 young (23552K), 2 survivors (2048K)
 Metaspace       used 20765K, capacity 21163K, committed 21248K, reserved 1067008K
  class space    used 2604K, capacity 2799K, committed 2816K, reserved 1048576K
}
Event: 1.198 GC heap after
{Heap after GC invocations=3 (full 0):
 garbage-first heap   total 249856K, used 28340K [0x00000000c0000000, 0x0000000100000000)
  region size 1024K, 3 young (3072K), 3 survivors (3072K)
 Metaspace       used 20765K, capacity 21163K, committed 21248K, reserved 1067008K
  class space    used 2604K, capacity 2799K, committed 2816K, reserved 1048576K
}
Event: 2.273 GC heap before
{Heap before GC invocations=4 (full 0):
 garbage-first heap   total 249856K, used 97972K [0x00000000c0000000, 0x0000000100000000)
  region size 1024K, 71 young (72704K), 3 survivors (3072K)
 Metaspace       used 32402K, capacity 33236K, committed 33280K, reserved 1077248K
  class space    used 4169K, capacity 4596K, committed 4608K, reserved 1048576K
}
Event: 2.281 GC heap after
{Heap after GC invocations=5 (full 0):
 garbage-first heap   total 249856K, used 31706K [0x00000000c0000000, 0x0000000100000000)
  region size 1024K, 6 young (6144K), 6 survivors (6144K)
 Metaspace       used 32402K, capacity 33236K, committed 33280K, reserved 1077248K
  class space    used 4169K, capacity 4596K, committed 4608K, reserved 1048576K
}
Event: 2.421 GC heap before
{Heap before GC invocations=5 (full 0):
 garbage-first heap   total 249856K, used 43994K [0x00000000c0000000, 0x0000000100000000)
  region size 1024K, 19 young (19456K), 6 survivors (6144K)
 Metaspace       used 34606K, capacity 35439K, committed 35584K, reserved 1079296K
  class space    used 4435K, capacity 4849K, committed 4864K, reserved 1048576K
}
Event: 2.428 GC heap after
{Heap after GC invocations=6 (full 0):
 garbage-first heap   total 249856K, used 32354K [0x00000000c0000000, 0x0000000100000000)
  region size 1024K, 7 young (7168K), 7 survivors (7168K)
 Metaspace       used 34606K, capacity 35439K, committed 35584K, reserved 1079296K
  class space    used 4435K, capacity 4849K, committed 4864K, reserved 1048576K
}

